17:48:56.994 [main] INFO  com.qa.opencart.testcase.HomePageTest - TC_04_navigate to login page
17:48:57.006 [main] INFO  com.qa.opencart.pages.HomePage - opening the myAccount menu
17:48:59.260 [main] INFO  com.qa.opencart.pages.HomePage - click on Login link
17:49:02.180 [main] INFO  com.qa.opencart.testcase.HomePageTest - Assert the login page title
17:49:02.187 [main] INFO  com.qa.opencart.utils.WebDriverUtils - Title of the page is :: Account Login
17:49:02.188 [main] INFO  com.qa.opencart.testcase.HomePageTest - Click on Home icon in Login page
17:49:02.188 [main] INFO  com.qa.opencart.pages.LoginPage - click on home icon
17:49:03.753 [main] INFO  com.qa.opencart.utils.WebDriverUtils - Title of the page is :: Your Store
17:49:05.430 [main] INFO  com.qa.opencart.factory.WebDriverFactory - clear the cache/cookies 
17:49:05.461 [main] INFO  com.qa.opencart.factory.WebDriverFactory - adding implicit wait 
17:49:05.464 [main] INFO  com.qa.opencart.factory.WebDriverFactory - maximize the window
17:49:05.595 [main] INFO  com.qa.opencart.factory.TestBase - create object for WebDriverWait class
17:49:10.042 [main] INFO  com.qa.opencart.testcase.RegistrationPageTest - intialising the page class objects
17:49:13.414 [main] INFO  com.qa.opencart.pages.HomePage - opening the myAccount menu
17:49:15.683 [main] INFO  com.qa.opencart.pages.HomePage - click on register link
17:49:19.325 [main] INFO  com.qa.opencart.testcase.RegistrationPageTest - verify the registration page title
17:49:19.347 [main] INFO  com.qa.opencart.utils.WebDriverUtils - Title of the page is :: Register Account
17:49:19.354 [main] INFO  com.qa.opencart.testcase.RegistrationPageTest - navigate to registration page
17:49:19.355 [main] INFO  com.qa.opencart.testcase.RegistrationPageTest - Set the firstName:PMFsl
17:49:19.355 [main] INFO  com.qa.opencart.pages.RegistrationPage - entering the fname value
17:49:21.803 [main] INFO  com.qa.opencart.testcase.RegistrationPageTest - Set the last Name:FRWMD
17:49:21.804 [main] INFO  com.qa.opencart.pages.RegistrationPage - entering lastName value
17:49:24.276 [main] INFO  com.qa.opencart.testcase.RegistrationPageTest - Set the email:TCWtM@gmail.com
17:49:24.277 [main] INFO  com.qa.opencart.pages.RegistrationPage - entering email address value
17:49:26.789 [main] INFO  com.qa.opencart.testcase.RegistrationPageTest - Set the telephone nbr:8065069307
17:49:26.790 [main] INFO  com.qa.opencart.pages.RegistrationPage - entering telephone number
17:49:29.197 [main] INFO  com.qa.opencart.testcase.RegistrationPageTest - Entering Address details....
17:49:29.197 [main] INFO  com.qa.opencart.pages.RegistrationPage - enter the company name in company editbox
17:49:31.656 [main] INFO  com.qa.opencart.pages.RegistrationPage - enter the address in address editbox
17:49:34.031 [main] INFO  com.qa.opencart.pages.RegistrationPage - enter the address in address editbox
17:49:36.436 [main] INFO  com.qa.opencart.pages.RegistrationPage - enter the city in city editbox
17:49:38.830 [main] INFO  com.qa.opencart.pages.RegistrationPage - enter the postcode in postcode editbox
17:49:41.238 [main] INFO  com.qa.opencart.pages.RegistrationPage - select option from country dropdown
17:49:41.511 [main] INFO  com.qa.opencart.utils.WebDriverUtils - Selected option : United States
17:49:41.511 [main] INFO  com.qa.opencart.pages.RegistrationPage - select option from state dropdown
17:49:42.245 [main] INFO  com.qa.opencart.utils.WebDriverUtils - Selected option : South Dakota
17:49:42.246 [main] INFO  com.qa.opencart.testcase.RegistrationPageTest - Set the password:YIhD@203
17:49:42.246 [main] INFO  com.qa.opencart.pages.RegistrationPage - entering password value
17:49:44.681 [main] INFO  com.qa.opencart.testcase.RegistrationPageTest - Set the confirm password:YIhD@203
17:49:44.681 [main] INFO  com.qa.opencart.pages.RegistrationPage - entering PasswordConfirm value
17:49:47.002 [main] INFO  com.qa.opencart.testcase.RegistrationPageTest - Select the subscribe radio button:Yes
17:49:47.002 [main] INFO  com.qa.opencart.pages.RegistrationPage - select Subscribe value
17:49:47.002 [main] INFO  com.qa.opencart.pages.RegistrationPage - Select Yes radio button
17:49:49.274 [main] INFO  com.qa.opencart.testcase.RegistrationPageTest - check the privacy checkBox
17:49:49.275 [main] INFO  com.qa.opencart.pages.RegistrationPage - Select agree to privacy policy checkBox
17:49:51.561 [main] INFO  com.qa.opencart.testcase.RegistrationPageTest - Click on continue button
17:49:51.561 [main] INFO  com.qa.opencart.pages.RegistrationPage - click On Continue button
17:49:55.230 [main] INFO  com.qa.opencart.testcase.RegistrationPageTest - verify account created header and success msg
17:49:59.501 [main] INFO  com.qa.opencart.testcase.RegistrationPageTest - click on continue button
17:49:59.501 [main] INFO  com.qa.opencart.pages.RegistrationPage - click on account created continue button
17:50:02.799 [main] INFO  com.qa.opencart.testcase.RegistrationPageTest - validate the my account page title
17:50:02.814 [main] INFO  com.qa.opencart.utils.WebDriverUtils - Title of the page is :: My Account
17:50:02.814 [main] INFO  com.qa.opencart.testcase.RegistrationPageTest - click on logout page
17:50:09.872 [main] INFO  com.qa.opencart.testcase.RegistrationPageTest - validate the logout page title
17:50:09.894 [main] INFO  com.qa.opencart.utils.WebDriverUtils - Title of the page is :: Account Logout
17:50:09.894 [main] INFO  com.qa.opencart.testcase.RegistrationPageTest - click on logout page continue button
17:56:14.521 [main] INFO  com.qa.opencart.factory.WebDriverFactory - clear the cache/cookies 
17:56:14.541 [main] INFO  com.qa.opencart.factory.WebDriverFactory - adding implicit wait 
17:56:14.552 [main] INFO  com.qa.opencart.factory.WebDriverFactory - maximize the window
17:56:14.684 [main] INFO  com.qa.opencart.factory.TestBase - create object for WebDriverWait class
17:56:24.469 [main] INFO  com.qa.opencart.testcase.HomePageTest - initialising the page class objects
17:56:24.711 [main] INFO  com.qa.opencart.testcase.HomePageTest - Verify the home page logo text
17:56:25.168 [main] INFO  com.qa.opencart.utils.WebDriverUtils - Title of the page is :: Your Store
17:56:25.188 [main] INFO  com.qa.opencart.testcase.HomePageTest - Verify the opencart title
17:56:25.195 [main] INFO  com.qa.opencart.utils.WebDriverUtils - Title of the page is :: Your Store
17:56:25.423 [main] INFO  com.qa.opencart.utils.WebDriverUtils - Title of the page is :: Your Store
17:56:25.438 [main] INFO  com.qa.opencart.testcase.HomePageTest - TC_03_navigate to registration page
17:56:25.438 [main] INFO  com.qa.opencart.testcase.HomePageTest - Click on my Account menu
17:56:25.438 [main] INFO  com.qa.opencart.pages.HomePage - opening the myAccount menu
17:56:27.723 [main] INFO  com.qa.opencart.pages.HomePage - click on register link
17:56:31.425 [main] INFO  com.qa.opencart.testcase.HomePageTest - wait for regPg title
17:56:31.435 [main] INFO  com.qa.opencart.testcase.HomePageTest - Assert the Registration page title
17:56:31.445 [main] INFO  com.qa.opencart.utils.WebDriverUtils - Title of the page is :: Register Account
17:56:31.445 [main] INFO  com.qa.opencart.testcase.HomePageTest - Click on Home icon in Registration page
17:56:31.445 [main] INFO  com.qa.opencart.pages.RegistrationPage - click on Home Icon
17:56:32.416 [main] INFO  com.qa.opencart.utils.WebDriverUtils - Title of the page is :: Your Store
17:56:32.435 [main] INFO  com.qa.opencart.testcase.HomePageTest - TC_04_navigate to login page
17:56:32.435 [main] INFO  com.qa.opencart.pages.HomePage - opening the myAccount menu
17:56:34.697 [main] INFO  com.qa.opencart.pages.HomePage - click on Login link
17:56:37.754 [main] INFO  com.qa.opencart.testcase.HomePageTest - Assert the login page title
17:56:37.761 [main] INFO  com.qa.opencart.utils.WebDriverUtils - Title of the page is :: Account Login
17:56:37.761 [main] INFO  com.qa.opencart.testcase.HomePageTest - Click on Home icon in Login page
17:56:37.762 [main] INFO  com.qa.opencart.pages.LoginPage - click on home icon
17:56:39.106 [main] INFO  com.qa.opencart.utils.WebDriverUtils - Title of the page is :: Your Store
17:56:41.706 [main] INFO  com.qa.opencart.factory.WebDriverFactory - clear the cache/cookies 
17:56:41.728 [main] INFO  com.qa.opencart.factory.WebDriverFactory - adding implicit wait 
17:56:41.735 [main] INFO  com.qa.opencart.factory.WebDriverFactory - maximize the window
17:56:41.872 [main] INFO  com.qa.opencart.factory.TestBase - create object for WebDriverWait class
17:56:46.463 [main] INFO  com.qa.opencart.testcase.RegistrationPageTest - intialising the page class objects
17:56:50.444 [main] INFO  com.qa.opencart.pages.HomePage - opening the myAccount menu
17:56:52.669 [main] INFO  com.qa.opencart.pages.HomePage - click on register link
17:56:56.547 [main] INFO  com.qa.opencart.testcase.RegistrationPageTest - verify the registration page title
17:56:56.586 [main] INFO  com.qa.opencart.utils.WebDriverUtils - Title of the page is :: Register Account
17:56:56.592 [main] INFO  com.qa.opencart.testcase.RegistrationPageTest - Set the firstName:Vandana
17:56:56.592 [main] INFO  com.qa.opencart.pages.RegistrationPage - entering the fname value
17:56:59.028 [main] INFO  com.qa.opencart.testcase.RegistrationPageTest - Set the last Name:senthil
17:56:59.028 [main] INFO  com.qa.opencart.pages.RegistrationPage - entering lastName value
17:57:01.494 [main] INFO  com.qa.opencart.testcase.RegistrationPageTest - setting the email:srZvM@gmail.com
17:57:01.494 [main] INFO  com.qa.opencart.pages.RegistrationPage - entering email address value
17:57:03.941 [main] INFO  com.qa.opencart.testcase.RegistrationPageTest - Set the telephone nbr:3146069849
17:57:03.941 [main] INFO  com.qa.opencart.pages.RegistrationPage - entering telephone number
17:57:06.335 [main] INFO  com.qa.opencart.pages.RegistrationPage - enter the company name in company editbox
17:57:08.761 [main] INFO  com.qa.opencart.pages.RegistrationPage - enter the address in address editbox
17:57:11.167 [main] INFO  com.qa.opencart.pages.RegistrationPage - enter the address in address editbox
17:57:13.606 [main] INFO  com.qa.opencart.pages.RegistrationPage - enter the city in city editbox
17:57:16.007 [main] INFO  com.qa.opencart.pages.RegistrationPage - enter the postcode in postcode editbox
17:57:18.428 [main] INFO  com.qa.opencart.pages.RegistrationPage - select option from country dropdown
17:57:18.692 [main] INFO  com.qa.opencart.utils.WebDriverUtils - Selected option : United States
17:57:18.692 [main] INFO  com.qa.opencart.pages.RegistrationPage - select option from state dropdown
17:57:19.860 [main] INFO  com.qa.opencart.utils.WebDriverUtils - Selected option : South Dakota
17:57:19.860 [main] INFO  com.qa.opencart.testcase.RegistrationPageTest - Set the password:vandana@123
17:57:19.861 [main] INFO  com.qa.opencart.pages.RegistrationPage - entering password value
17:57:22.272 [main] INFO  com.qa.opencart.testcase.RegistrationPageTest - Set the confirm password:vandana@123
17:57:22.272 [main] INFO  com.qa.opencart.pages.RegistrationPage - entering PasswordConfirm value
17:57:24.612 [main] INFO  com.qa.opencart.testcase.RegistrationPageTest - Select the subscribe radio button:Yes
17:57:24.613 [main] INFO  com.qa.opencart.pages.RegistrationPage - select Subscribe value
17:57:24.613 [main] INFO  com.qa.opencart.pages.RegistrationPage - Select Yes radio button
17:57:26.810 [main] INFO  com.qa.opencart.testcase.RegistrationPageTest - check the privacy checkBox
17:57:26.810 [main] INFO  com.qa.opencart.pages.RegistrationPage - Select agree to privacy policy checkBox
17:57:29.087 [main] INFO  com.qa.opencart.testcase.RegistrationPageTest - Click on continue button
17:57:29.087 [main] INFO  com.qa.opencart.pages.RegistrationPage - click On Continue button
17:57:32.900 [main] INFO  com.qa.opencart.testcase.RegistrationPageTest - verify account created header and success msg
17:57:37.221 [main] INFO  com.qa.opencart.testcase.RegistrationPageTest - click on continue button
17:57:37.221 [main] INFO  com.qa.opencart.pages.RegistrationPage - click on account created continue button
17:57:41.049 [main] INFO  com.qa.opencart.testcase.RegistrationPageTest - validate the my account page title
17:57:41.079 [main] INFO  com.qa.opencart.utils.WebDriverUtils - Title of the page is :: My Account
17:57:41.080 [main] INFO  com.qa.opencart.testcase.RegistrationPageTest - click on logout page
17:57:46.912 [main] INFO  com.qa.opencart.testcase.RegistrationPageTest - validate the logout page title
17:57:46.930 [main] INFO  com.qa.opencart.utils.WebDriverUtils - Title of the page is :: Account Logout
17:57:46.930 [main] INFO  com.qa.opencart.testcase.RegistrationPageTest - click on logout page continue button
17:57:49.778 [main] INFO  com.qa.opencart.pages.HomePage - opening the myAccount menu
17:57:51.944 [main] INFO  com.qa.opencart.pages.HomePage - click on register link
17:57:55.107 [main] INFO  com.qa.opencart.testcase.RegistrationPageTest - verify the registration page title
17:57:55.128 [main] INFO  com.qa.opencart.utils.WebDriverUtils - Title of the page is :: Register Account
17:57:55.132 [main] INFO  com.qa.opencart.testcase.RegistrationPageTest - Set the firstName:sreedevi
17:57:55.132 [main] INFO  com.qa.opencart.pages.RegistrationPage - entering the fname value
17:57:57.477 [main] INFO  com.qa.opencart.testcase.RegistrationPageTest - Set the last Name:Doolla
17:57:57.477 [main] INFO  com.qa.opencart.pages.RegistrationPage - entering lastName value
17:57:59.916 [main] INFO  com.qa.opencart.testcase.RegistrationPageTest - setting the email:BKTzp@gmail.com
17:57:59.916 [main] INFO  com.qa.opencart.pages.RegistrationPage - entering email address value
17:58:02.392 [main] INFO  com.qa.opencart.testcase.RegistrationPageTest - Set the telephone nbr:9980193573
17:58:02.392 [main] INFO  com.qa.opencart.pages.RegistrationPage - entering telephone number
17:58:04.797 [main] INFO  com.qa.opencart.pages.RegistrationPage - enter the company name in company editbox
17:58:07.239 [main] INFO  com.qa.opencart.pages.RegistrationPage - enter the address in address editbox
17:58:09.652 [main] INFO  com.qa.opencart.pages.RegistrationPage - enter the address in address editbox
17:58:12.147 [main] INFO  com.qa.opencart.pages.RegistrationPage - enter the city in city editbox
17:58:14.609 [main] INFO  com.qa.opencart.pages.RegistrationPage - enter the postcode in postcode editbox
17:58:17.000 [main] INFO  com.qa.opencart.pages.RegistrationPage - select option from country dropdown
17:58:17.250 [main] INFO  com.qa.opencart.utils.WebDriverUtils - Selected option : United States
17:58:17.250 [main] INFO  com.qa.opencart.pages.RegistrationPage - select option from state dropdown
17:58:18.191 [main] INFO  com.qa.opencart.utils.WebDriverUtils - Selected option : South Dakota
17:58:18.191 [main] INFO  com.qa.opencart.testcase.RegistrationPageTest - Set the password:sridevi@123
17:58:18.192 [main] INFO  com.qa.opencart.pages.RegistrationPage - entering password value
17:58:20.614 [main] INFO  com.qa.opencart.testcase.RegistrationPageTest - Set the confirm password:sridevi@123
17:58:20.615 [main] INFO  com.qa.opencart.pages.RegistrationPage - entering PasswordConfirm value
17:58:22.944 [main] INFO  com.qa.opencart.testcase.RegistrationPageTest - Select the subscribe radio button:Yes
17:58:22.944 [main] INFO  com.qa.opencart.pages.RegistrationPage - select Subscribe value
17:58:22.945 [main] INFO  com.qa.opencart.pages.RegistrationPage - Select No radio button
17:58:25.157 [main] INFO  com.qa.opencart.testcase.RegistrationPageTest - check the privacy checkBox
17:58:25.157 [main] INFO  com.qa.opencart.pages.RegistrationPage - Select agree to privacy policy checkBox
17:58:27.482 [main] INFO  com.qa.opencart.testcase.RegistrationPageTest - Click on continue button
17:58:27.487 [main] INFO  com.qa.opencart.pages.RegistrationPage - click On Continue button
17:58:31.494 [main] INFO  com.qa.opencart.testcase.RegistrationPageTest - verify account created header and success msg
17:58:35.812 [main] INFO  com.qa.opencart.testcase.RegistrationPageTest - click on continue button
17:58:35.812 [main] INFO  com.qa.opencart.pages.RegistrationPage - click on account created continue button
17:58:39.322 [main] INFO  com.qa.opencart.testcase.RegistrationPageTest - validate the my account page title
17:58:39.328 [main] INFO  com.qa.opencart.utils.WebDriverUtils - Title of the page is :: My Account
17:58:39.328 [main] INFO  com.qa.opencart.testcase.RegistrationPageTest - click on logout page
17:58:47.564 [main] INFO  com.qa.opencart.testcase.RegistrationPageTest - validate the logout page title
17:58:47.588 [main] INFO  com.qa.opencart.utils.WebDriverUtils - Title of the page is :: Account Logout
17:58:47.588 [main] INFO  com.qa.opencart.testcase.RegistrationPageTest - click on logout page continue button
17:58:51.004 [main] INFO  com.qa.opencart.pages.HomePage - opening the myAccount menu
17:58:53.216 [main] INFO  com.qa.opencart.pages.HomePage - click on register link
17:58:57.874 [main] INFO  com.qa.opencart.testcase.RegistrationPageTest - verify the registration page title
17:58:57.903 [main] INFO  com.qa.opencart.utils.WebDriverUtils - Title of the page is :: Register Account
17:58:57.908 [main] INFO  com.qa.opencart.testcase.RegistrationPageTest - Set the firstName:harshini
17:58:57.908 [main] INFO  com.qa.opencart.pages.RegistrationPage - entering the fname value
17:59:00.208 [main] INFO  com.qa.opencart.testcase.RegistrationPageTest - Set the last Name:ch
17:59:00.208 [main] INFO  com.qa.opencart.pages.RegistrationPage - entering lastName value
17:59:02.611 [main] INFO  com.qa.opencart.testcase.RegistrationPageTest - setting the email:mDtFM@gmail.com
17:59:02.611 [main] INFO  com.qa.opencart.pages.RegistrationPage - entering email address value
17:59:05.111 [main] INFO  com.qa.opencart.testcase.RegistrationPageTest - Set the telephone nbr:6303236395
17:59:05.111 [main] INFO  com.qa.opencart.pages.RegistrationPage - entering telephone number
17:59:07.528 [main] INFO  com.qa.opencart.pages.RegistrationPage - enter the company name in company editbox
17:59:09.995 [main] INFO  com.qa.opencart.pages.RegistrationPage - enter the address in address editbox
17:59:12.425 [main] INFO  com.qa.opencart.pages.RegistrationPage - enter the address in address editbox
17:59:14.880 [main] INFO  com.qa.opencart.pages.RegistrationPage - enter the city in city editbox
17:59:17.363 [main] INFO  com.qa.opencart.pages.RegistrationPage - enter the postcode in postcode editbox
17:59:19.736 [main] INFO  com.qa.opencart.pages.RegistrationPage - select option from country dropdown
17:59:19.998 [main] INFO  com.qa.opencart.utils.WebDriverUtils - Selected option : United States
17:59:19.998 [main] INFO  com.qa.opencart.pages.RegistrationPage - select option from state dropdown
17:59:20.655 [main] INFO  com.qa.opencart.utils.WebDriverUtils - Selected option : South Dakota
17:59:20.656 [main] INFO  com.qa.opencart.testcase.RegistrationPageTest - Set the password:harshini@123
17:59:20.656 [main] INFO  com.qa.opencart.pages.RegistrationPage - entering password value
17:59:23.139 [main] INFO  com.qa.opencart.testcase.RegistrationPageTest - Set the confirm password:harshini@123
17:59:23.140 [main] INFO  com.qa.opencart.pages.RegistrationPage - entering PasswordConfirm value
17:59:25.455 [main] INFO  com.qa.opencart.testcase.RegistrationPageTest - Select the subscribe radio button:Yes
17:59:25.455 [main] INFO  com.qa.opencart.pages.RegistrationPage - select Subscribe value
17:59:25.455 [main] INFO  com.qa.opencart.pages.RegistrationPage - Select Yes radio button
17:59:27.703 [main] INFO  com.qa.opencart.testcase.RegistrationPageTest - check the privacy checkBox
17:59:27.704 [main] INFO  com.qa.opencart.pages.RegistrationPage - Select agree to privacy policy checkBox
17:59:30.004 [main] INFO  com.qa.opencart.testcase.RegistrationPageTest - Click on continue button
17:59:30.005 [main] INFO  com.qa.opencart.pages.RegistrationPage - click On Continue button
17:59:33.184 [main] INFO  com.qa.opencart.testcase.RegistrationPageTest - verify account created header and success msg
17:59:37.477 [main] INFO  com.qa.opencart.testcase.RegistrationPageTest - click on continue button
17:59:37.477 [main] INFO  com.qa.opencart.pages.RegistrationPage - click on account created continue button
17:59:40.391 [main] INFO  com.qa.opencart.testcase.RegistrationPageTest - validate the my account page title
17:59:40.397 [main] INFO  com.qa.opencart.utils.WebDriverUtils - Title of the page is :: My Account
17:59:40.397 [main] INFO  com.qa.opencart.testcase.RegistrationPageTest - click on logout page
17:59:45.693 [main] INFO  com.qa.opencart.testcase.RegistrationPageTest - validate the logout page title
17:59:45.708 [main] INFO  com.qa.opencart.utils.WebDriverUtils - Title of the page is :: Account Logout
17:59:45.709 [main] INFO  com.qa.opencart.testcase.RegistrationPageTest - click on logout page continue button
17:59:48.566 [main] INFO  com.qa.opencart.pages.HomePage - opening the myAccount menu
17:59:50.794 [main] INFO  com.qa.opencart.pages.HomePage - click on register link
17:59:53.779 [main] INFO  com.qa.opencart.testcase.RegistrationPageTest - verify the registration page title
17:59:53.819 [main] INFO  com.qa.opencart.utils.WebDriverUtils - Title of the page is :: Register Account
17:59:53.825 [main] INFO  com.qa.opencart.testcase.RegistrationPageTest - navigate to registration page
17:59:53.825 [main] INFO  com.qa.opencart.testcase.RegistrationPageTest - Set the firstName:urzbq
17:59:53.825 [main] INFO  com.qa.opencart.pages.RegistrationPage - entering the fname value
17:59:56.194 [main] INFO  com.qa.opencart.testcase.RegistrationPageTest - Set the last Name:zfryS
17:59:56.195 [main] INFO  com.qa.opencart.pages.RegistrationPage - entering lastName value
17:59:58.633 [main] INFO  com.qa.opencart.testcase.RegistrationPageTest - Set the email:nxkhG@gmail.com
17:59:58.633 [main] INFO  com.qa.opencart.pages.RegistrationPage - entering email address value
18:00:01.044 [main] INFO  com.qa.opencart.testcase.RegistrationPageTest - Set the telephone nbr:8273702158
18:00:01.045 [main] INFO  com.qa.opencart.pages.RegistrationPage - entering telephone number
18:00:03.884 [main] INFO  com.qa.opencart.testcase.RegistrationPageTest - Entering Address details....
18:00:03.885 [main] INFO  com.qa.opencart.pages.RegistrationPage - enter the company name in company editbox
18:00:06.341 [main] INFO  com.qa.opencart.pages.RegistrationPage - enter the address in address editbox
18:00:08.777 [main] INFO  com.qa.opencart.pages.RegistrationPage - enter the address in address editbox
18:00:11.198 [main] INFO  com.qa.opencart.pages.RegistrationPage - enter the city in city editbox
18:00:13.669 [main] INFO  com.qa.opencart.pages.RegistrationPage - enter the postcode in postcode editbox
18:00:16.046 [main] INFO  com.qa.opencart.pages.RegistrationPage - select option from country dropdown
18:00:16.302 [main] INFO  com.qa.opencart.utils.WebDriverUtils - Selected option : United States
18:00:16.303 [main] INFO  com.qa.opencart.pages.RegistrationPage - select option from state dropdown
18:00:16.806 [main] INFO  com.qa.opencart.utils.WebDriverUtils - Selected option : South Dakota
18:00:16.807 [main] INFO  com.qa.opencart.testcase.RegistrationPageTest - Set the password:VrWZ@563
18:00:16.807 [main] INFO  com.qa.opencart.pages.RegistrationPage - entering password value
18:00:19.186 [main] INFO  com.qa.opencart.testcase.RegistrationPageTest - Set the confirm password:VrWZ@563
18:00:19.186 [main] INFO  com.qa.opencart.pages.RegistrationPage - entering PasswordConfirm value
18:00:21.499 [main] INFO  com.qa.opencart.testcase.RegistrationPageTest - Select the subscribe radio button:Yes
18:00:21.499 [main] INFO  com.qa.opencart.pages.RegistrationPage - select Subscribe value
18:00:21.499 [main] INFO  com.qa.opencart.pages.RegistrationPage - Select Yes radio button
18:00:23.706 [main] INFO  com.qa.opencart.testcase.RegistrationPageTest - check the privacy checkBox
18:00:23.706 [main] INFO  com.qa.opencart.pages.RegistrationPage - Select agree to privacy policy checkBox
18:00:26.011 [main] INFO  com.qa.opencart.testcase.RegistrationPageTest - Click on continue button
18:00:26.011 [main] INFO  com.qa.opencart.pages.RegistrationPage - click On Continue button
18:00:29.166 [main] INFO  com.qa.opencart.testcase.RegistrationPageTest - verify account created header and success msg
18:00:33.495 [main] INFO  com.qa.opencart.testcase.RegistrationPageTest - click on continue button
18:00:33.495 [main] INFO  com.qa.opencart.pages.RegistrationPage - click on account created continue button
18:00:36.457 [main] INFO  com.qa.opencart.testcase.RegistrationPageTest - validate the my account page title
18:00:36.463 [main] INFO  com.qa.opencart.utils.WebDriverUtils - Title of the page is :: My Account
18:00:36.463 [main] INFO  com.qa.opencart.testcase.RegistrationPageTest - click on logout page
18:00:41.845 [main] INFO  com.qa.opencart.testcase.RegistrationPageTest - validate the logout page title
18:00:41.870 [main] INFO  com.qa.opencart.utils.WebDriverUtils - Title of the page is :: Account Logout
18:00:41.870 [main] INFO  com.qa.opencart.testcase.RegistrationPageTest - click on logout page continue button
22:48:02.931 [main] INFO  com.qa.opencart.factory.WebDriverFactory - clear the cache/cookies 
22:48:02.968 [main] INFO  com.qa.opencart.factory.WebDriverFactory - adding implicit wait 
22:48:02.991 [main] INFO  com.qa.opencart.factory.WebDriverFactory - maximize the window
22:48:03.133 [main] INFO  com.qa.opencart.factory.TestBase - create object for WebDriverWait class
22:48:11.951 [main] INFO  com.qa.opencart.testcase.RegistrationPageTest - intialising the page class objects
22:48:14.592 [main] INFO  com.qa.opencart.pages.HomePage - opening the myAccount menu
22:48:16.925 [main] INFO  com.qa.opencart.pages.HomePage - click on register link
22:48:28.457 [main] INFO  com.qa.opencart.testcase.RegistrationPageTest - verify the registration page title
22:48:28.479 [main] INFO  com.qa.opencart.utils.WebDriverUtils - Title of the page is :: Register Account
22:48:28.664 [main] INFO  com.qa.opencart.testcase.RegistrationPageTest - navigate to registration page
22:48:28.665 [main] INFO  com.qa.opencart.testcase.RegistrationPageTest - Set the firstName:huHtF
22:48:28.665 [main] INFO  com.qa.opencart.pages.RegistrationPage - entering the fname value
22:48:31.048 [main] INFO  com.qa.opencart.testcase.RegistrationPageTest - Set the last Name:cmBjc
22:48:31.048 [main] INFO  com.qa.opencart.pages.RegistrationPage - entering lastName value
22:48:33.477 [main] INFO  com.qa.opencart.testcase.RegistrationPageTest - Set the email:YRHxO@gmail.com
22:48:33.477 [main] INFO  com.qa.opencart.pages.RegistrationPage - entering email address value
22:48:35.972 [main] INFO  com.qa.opencart.testcase.RegistrationPageTest - Set the telephone nbr:8042564974
22:48:35.972 [main] INFO  com.qa.opencart.pages.RegistrationPage - entering telephone number
22:48:38.403 [main] INFO  com.qa.opencart.testcase.RegistrationPageTest - Set the password
22:48:38.404 [main] INFO  com.qa.opencart.pages.RegistrationPage - entering password value
22:48:40.819 [main] INFO  com.qa.opencart.testcase.RegistrationPageTest - Setting the confirm password editbox
22:48:40.819 [main] INFO  com.qa.opencart.pages.RegistrationPage - entering PasswordConfirm value
22:48:43.121 [main] INFO  com.qa.opencart.testcase.RegistrationPageTest - Select the subscribe radio button:Yes
22:48:43.121 [main] INFO  com.qa.opencart.pages.RegistrationPage - select Subscribe value
22:48:43.121 [main] INFO  com.qa.opencart.pages.RegistrationPage - Select Yes radio button
22:48:45.379 [main] INFO  com.qa.opencart.testcase.RegistrationPageTest - check the privacy checkBox
22:48:45.380 [main] INFO  com.qa.opencart.pages.RegistrationPage - Select agree to privacy policy checkBox
22:48:47.675 [main] INFO  com.qa.opencart.testcase.RegistrationPageTest - Click on continue button
22:48:47.676 [main] INFO  com.qa.opencart.pages.RegistrationPage - click On Continue button
22:48:55.571 [main] INFO  com.qa.opencart.testcase.RegistrationPageTest - validate the my account page title
22:48:55.577 [main] INFO  com.qa.opencart.utils.WebDriverUtils - Title of the page is :: Register Account
22:52:49.153 [main] INFO  com.qa.opencart.factory.WebDriverFactory - clear the cache/cookies 
22:52:49.171 [main] INFO  com.qa.opencart.factory.WebDriverFactory - adding implicit wait 
22:52:49.181 [main] INFO  com.qa.opencart.factory.WebDriverFactory - maximize the window
22:52:49.311 [main] INFO  com.qa.opencart.factory.TestBase - create object for WebDriverWait class
22:52:54.118 [main] INFO  com.qa.opencart.testcase.RegistrationPageTest - intialising the page class objects
22:52:56.675 [main] INFO  com.qa.opencart.pages.HomePage - opening the myAccount menu
22:52:58.989 [main] INFO  com.qa.opencart.pages.HomePage - click on register link
22:53:02.199 [main] INFO  com.qa.opencart.testcase.RegistrationPageTest - verify the registration page title
22:53:02.219 [main] INFO  com.qa.opencart.utils.WebDriverUtils - Title of the page is :: Register Account
22:53:02.486 [main] INFO  com.qa.opencart.testcase.RegistrationPageTest - navigate to registration page
22:53:02.488 [main] INFO  com.qa.opencart.testcase.RegistrationPageTest - Set the firstName:MepPL
22:53:02.488 [main] INFO  com.qa.opencart.pages.RegistrationPage - entering the fname value
22:53:04.915 [main] INFO  com.qa.opencart.testcase.RegistrationPageTest - Set the last Name:OmXPZ
22:53:04.915 [main] INFO  com.qa.opencart.pages.RegistrationPage - entering lastName value
22:53:07.348 [main] INFO  com.qa.opencart.testcase.RegistrationPageTest - Set the email:EPDGq@gmail.com
22:53:07.349 [main] INFO  com.qa.opencart.pages.RegistrationPage - entering email address value
22:53:09.776 [main] INFO  com.qa.opencart.testcase.RegistrationPageTest - Set the telephone nbr:9014491698
22:53:09.776 [main] INFO  com.qa.opencart.pages.RegistrationPage - entering telephone number
22:53:12.264 [main] INFO  com.qa.opencart.testcase.RegistrationPageTest - Entering Address details....
22:53:12.264 [main] INFO  com.qa.opencart.pages.RegistrationPage - enter the company name in company editbox
22:53:14.743 [main] INFO  com.qa.opencart.pages.RegistrationPage - enter the address in address editbox
22:53:17.114 [main] INFO  com.qa.opencart.pages.RegistrationPage - enter the address in address editbox
22:53:19.570 [main] INFO  com.qa.opencart.pages.RegistrationPage - enter the city in city editbox
22:53:21.984 [main] INFO  com.qa.opencart.pages.RegistrationPage - enter the postcode in postcode editbox
22:53:24.410 [main] INFO  com.qa.opencart.pages.RegistrationPage - select option from country dropdown
22:53:24.696 [main] INFO  com.qa.opencart.utils.WebDriverUtils - Selected option : United States
22:53:24.697 [main] INFO  com.qa.opencart.pages.RegistrationPage - select option from state dropdown
23:06:34.240 [main] INFO  com.qa.opencart.factory.WebDriverFactory - clear the cache/cookies 
23:06:34.283 [main] INFO  com.qa.opencart.factory.WebDriverFactory - adding implicit wait 
23:06:34.295 [main] INFO  com.qa.opencart.factory.WebDriverFactory - maximize the window
23:06:34.433 [main] INFO  com.qa.opencart.factory.TestBase - create object for WebDriverWait class
23:12:32.790 [main] INFO  com.qa.opencart.factory.WebDriverFactory - clear the cache/cookies 
23:12:32.811 [main] INFO  com.qa.opencart.factory.WebDriverFactory - adding implicit wait 
23:12:32.821 [main] INFO  com.qa.opencart.factory.WebDriverFactory - maximize the window
23:12:32.952 [main] INFO  com.qa.opencart.factory.TestBase - create object for WebDriverWait class
23:12:39.712 [main] INFO  com.qa.opencart.testcase.RegistrationPageTest - intialising the page class objects
23:12:42.109 [main] INFO  com.qa.opencart.pages.HomePage - opening the myAccount menu
23:12:44.404 [main] INFO  com.qa.opencart.pages.HomePage - click on register link
23:12:48.324 [main] INFO  com.qa.opencart.testcase.RegistrationPageTest - verify the registration page title
23:12:48.360 [main] INFO  com.qa.opencart.utils.WebDriverUtils - Title of the page is :: Register Account
23:12:48.590 [main] INFO  com.qa.opencart.testcase.RegistrationPageTest - navigate to registration page
23:12:48.592 [main] INFO  com.qa.opencart.testcase.RegistrationPageTest - Set the firstName:SKRfk
23:12:48.592 [main] INFO  com.qa.opencart.pages.RegistrationPage - entering the fname value
23:12:50.987 [main] INFO  com.qa.opencart.testcase.RegistrationPageTest - Set the last Name:LzNGZ
23:12:50.988 [main] INFO  com.qa.opencart.pages.RegistrationPage - entering lastName value
23:12:53.447 [main] INFO  com.qa.opencart.testcase.RegistrationPageTest - Set the email:MALPo@gmail.com
23:12:53.447 [main] INFO  com.qa.opencart.pages.RegistrationPage - entering email address value
23:12:55.851 [main] INFO  com.qa.opencart.testcase.RegistrationPageTest - Set the telephone nbr:5076383768
23:12:55.851 [main] INFO  com.qa.opencart.pages.RegistrationPage - entering telephone number
23:12:58.276 [main] INFO  com.qa.opencart.testcase.RegistrationPageTest - Setting the company name:FAIsm
23:12:58.276 [main] INFO  com.qa.opencart.pages.RegistrationPage - enter the company name in company editbox
23:13:00.678 [main] INFO  com.qa.opencart.testcase.RegistrationPageTest - Setting the company name:UkhaK
23:13:00.679 [main] INFO  com.qa.opencart.pages.RegistrationPage - enter the address in address editbox
23:13:03.096 [main] INFO  com.qa.opencart.testcase.RegistrationPageTest - Setting the company name:mFNEc
23:13:03.097 [main] INFO  com.qa.opencart.pages.RegistrationPage - enter the address in address editbox
23:13:05.553 [main] INFO  com.qa.opencart.testcase.RegistrationPageTest - Setting the company name:klSOh
23:13:05.553 [main] INFO  com.qa.opencart.pages.RegistrationPage - enter the city in city editbox
23:13:07.965 [main] INFO  com.qa.opencart.testcase.RegistrationPageTest - Setting the company name:fshcV
23:13:07.966 [main] INFO  com.qa.opencart.pages.RegistrationPage - enter the postcode in postcode editbox
23:13:10.363 [main] INFO  com.qa.opencart.pages.RegistrationPage - select option from country dropdown
23:13:10.639 [main] INFO  com.qa.opencart.utils.WebDriverUtils - Selected option : United States
23:13:10.639 [main] INFO  com.qa.opencart.testcase.RegistrationPageTest - Setting the company name:BFUFL
23:13:10.639 [main] INFO  com.qa.opencart.pages.RegistrationPage - select option from state dropdown
23:13:41.226 [main] INFO  com.qa.opencart.testcase.RegistrationPageTest - validate the my account page title
23:13:41.236 [main] INFO  com.qa.opencart.utils.WebDriverUtils - Title of the page is :: Register Account
23:18:08.144 [main] INFO  com.qa.opencart.factory.WebDriverFactory - clear the cache/cookies 
23:18:08.164 [main] INFO  com.qa.opencart.factory.WebDriverFactory - adding implicit wait 
23:18:08.183 [main] INFO  com.qa.opencart.factory.WebDriverFactory - maximize the window
23:18:08.347 [main] INFO  com.qa.opencart.factory.TestBase - create object for WebDriverWait class
23:18:13.461 [main] INFO  com.qa.opencart.testcase.RegistrationPageTest - intialising the page class objects
23:18:16.019 [main] INFO  com.qa.opencart.pages.HomePage - opening the myAccount menu
23:18:18.352 [main] INFO  com.qa.opencart.pages.HomePage - click on register link
23:18:22.189 [main] INFO  com.qa.opencart.testcase.RegistrationPageTest - verify the registration page title
23:18:22.211 [main] INFO  com.qa.opencart.utils.WebDriverUtils - Title of the page is :: Register Account
23:18:22.542 [main] INFO  com.qa.opencart.testcase.RegistrationPageTest - navigate to registration page
23:18:22.543 [main] INFO  com.qa.opencart.testcase.RegistrationPageTest - Set the firstName:GGMWF
23:18:22.543 [main] INFO  com.qa.opencart.pages.RegistrationPage - entering the fname value
23:18:24.904 [main] INFO  com.qa.opencart.testcase.RegistrationPageTest - Set the last Name:KnLvK
23:18:24.905 [main] INFO  com.qa.opencart.pages.RegistrationPage - entering lastName value
23:18:27.336 [main] INFO  com.qa.opencart.testcase.RegistrationPageTest - Set the email:VLuxF@gmail.com
23:18:27.336 [main] INFO  com.qa.opencart.pages.RegistrationPage - entering email address value
23:18:29.720 [main] INFO  com.qa.opencart.testcase.RegistrationPageTest - Set the telephone nbr:4917471026
23:18:29.720 [main] INFO  com.qa.opencart.pages.RegistrationPage - entering telephone number
23:18:32.198 [main] INFO  com.qa.opencart.testcase.RegistrationPageTest - Setting the company name:hFgqG
23:18:32.199 [main] INFO  com.qa.opencart.pages.RegistrationPage - enter the company name in company editbox
23:18:34.588 [main] INFO  com.qa.opencart.testcase.RegistrationPageTest - Setting the company name:XRdDA
23:18:34.588 [main] INFO  com.qa.opencart.pages.RegistrationPage - enter the address in address editbox
23:18:37.016 [main] INFO  com.qa.opencart.testcase.RegistrationPageTest - Setting the company name:qsHzF
23:18:37.017 [main] INFO  com.qa.opencart.pages.RegistrationPage - enter the address in address editbox
23:18:39.410 [main] INFO  com.qa.opencart.testcase.RegistrationPageTest - Setting the company name:jyayC
23:18:39.411 [main] INFO  com.qa.opencart.pages.RegistrationPage - enter the city in city editbox
23:18:41.826 [main] INFO  com.qa.opencart.testcase.RegistrationPageTest - Setting the company name:WKliz
23:18:41.826 [main] INFO  com.qa.opencart.pages.RegistrationPage - enter the postcode in postcode editbox
23:18:44.223 [main] INFO  com.qa.opencart.pages.RegistrationPage - select option from country dropdown
23:18:44.489 [main] INFO  com.qa.opencart.utils.WebDriverUtils - Selected option : United States
23:18:44.489 [main] INFO  com.qa.opencart.testcase.RegistrationPageTest - Setting the company name:TkXPP
23:18:44.489 [main] INFO  com.qa.opencart.pages.RegistrationPage - select option from state dropdown
23:19:15.045 [main] INFO  com.qa.opencart.testcase.RegistrationPageTest - validate the my account page title
23:19:15.053 [main] INFO  com.qa.opencart.utils.WebDriverUtils - Title of the page is :: Register Account
23:20:56.602 [main] INFO  com.qa.opencart.factory.WebDriverFactory - clear the cache/cookies 
23:20:56.624 [main] INFO  com.qa.opencart.factory.WebDriverFactory - adding implicit wait 
23:20:56.639 [main] INFO  com.qa.opencart.factory.WebDriverFactory - maximize the window
23:20:56.766 [main] INFO  com.qa.opencart.factory.TestBase - create object for WebDriverWait class
23:21:00.699 [main] INFO  com.qa.opencart.testcase.RegistrationPageTest - intialising the page class objects
23:21:03.145 [main] INFO  com.qa.opencart.pages.HomePage - opening the myAccount menu
23:21:05.493 [main] INFO  com.qa.opencart.pages.HomePage - click on register link
23:21:09.105 [main] INFO  com.qa.opencart.testcase.RegistrationPageTest - verify the registration page title
23:21:09.139 [main] INFO  com.qa.opencart.utils.WebDriverUtils - Title of the page is :: Register Account
23:21:09.371 [main] INFO  com.qa.opencart.testcase.RegistrationPageTest - navigate to registration page
23:21:09.372 [main] INFO  com.qa.opencart.testcase.RegistrationPageTest - Set the firstName:bNUUp
23:21:09.372 [main] INFO  com.qa.opencart.pages.RegistrationPage - entering the fname value
23:21:11.741 [main] INFO  com.qa.opencart.testcase.RegistrationPageTest - Set the last Name:BCNaO
23:21:11.742 [main] INFO  com.qa.opencart.pages.RegistrationPage - entering lastName value
23:21:14.157 [main] INFO  com.qa.opencart.testcase.RegistrationPageTest - Set the email:XbEIz@gmail.com
23:21:14.157 [main] INFO  com.qa.opencart.pages.RegistrationPage - entering email address value
23:21:16.599 [main] INFO  com.qa.opencart.testcase.RegistrationPageTest - Set the telephone nbr:8877419140
23:21:16.600 [main] INFO  com.qa.opencart.pages.RegistrationPage - entering telephone number
23:21:18.978 [main] INFO  com.qa.opencart.testcase.RegistrationPageTest - Setting the company name:UQOCe
23:21:18.978 [main] INFO  com.qa.opencart.pages.RegistrationPage - enter the company name in company editbox
23:21:21.764 [main] INFO  com.qa.opencart.testcase.RegistrationPageTest - Setting the company name:CWRMT
23:21:21.764 [main] INFO  com.qa.opencart.pages.RegistrationPage - enter the address in address editbox
23:21:25.054 [main] INFO  com.qa.opencart.testcase.RegistrationPageTest - Setting the company name:dAhnz
23:21:25.056 [main] INFO  com.qa.opencart.pages.RegistrationPage - enter the address in address editbox
23:21:28.028 [main] INFO  com.qa.opencart.testcase.RegistrationPageTest - Setting the company name:fFlOD
23:21:28.030 [main] INFO  com.qa.opencart.pages.RegistrationPage - enter the city in city editbox
23:21:30.977 [main] INFO  com.qa.opencart.testcase.RegistrationPageTest - Setting the company name:BxCrP
23:21:30.977 [main] INFO  com.qa.opencart.pages.RegistrationPage - enter the postcode in postcode editbox
23:21:33.825 [main] INFO  com.qa.opencart.pages.RegistrationPage - select option from country dropdown
23:21:34.387 [main] INFO  com.qa.opencart.utils.WebDriverUtils - Selected option : United States
23:21:34.389 [main] INFO  com.qa.opencart.pages.RegistrationPage - select option from state dropdown
23:21:35.044 [main] INFO  com.qa.opencart.utils.WebDriverUtils - Selected option : California
23:21:35.045 [main] INFO  com.qa.opencart.testcase.RegistrationPageTest - Set the password
23:21:35.046 [main] INFO  com.qa.opencart.pages.RegistrationPage - entering password value
23:21:37.829 [main] INFO  com.qa.opencart.testcase.RegistrationPageTest - Setting the confirm password editbox
23:21:37.831 [main] INFO  com.qa.opencart.pages.RegistrationPage - entering PasswordConfirm value
23:21:40.431 [main] INFO  com.qa.opencart.testcase.RegistrationPageTest - Select the subscribe radio button:Yes
23:21:40.431 [main] INFO  com.qa.opencart.pages.RegistrationPage - select Subscribe value
23:21:40.431 [main] INFO  com.qa.opencart.pages.RegistrationPage - Select Yes radio button
23:21:42.750 [main] INFO  com.qa.opencart.testcase.RegistrationPageTest - check the privacy checkBox
23:21:42.750 [main] INFO  com.qa.opencart.pages.RegistrationPage - Select agree to privacy policy checkBox
23:21:45.225 [main] INFO  com.qa.opencart.testcase.RegistrationPageTest - Click on continue button
23:21:45.227 [main] INFO  com.qa.opencart.pages.RegistrationPage - click On Continue button
23:21:49.072 [main] INFO  com.qa.opencart.testcase.RegistrationPageTest - validate the my account page title
23:21:49.081 [main] INFO  com.qa.opencart.utils.WebDriverUtils - Title of the page is :: Register Account
23:33:07.652 [main] INFO  com.qa.opencart.factory.WebDriverFactory - clear the cache/cookies 
23:33:07.676 [main] INFO  com.qa.opencart.factory.WebDriverFactory - adding implicit wait 
23:33:07.691 [main] INFO  com.qa.opencart.factory.WebDriverFactory - maximize the window
23:33:07.828 [main] INFO  com.qa.opencart.factory.TestBase - create object for WebDriverWait class
23:33:13.672 [main] INFO  com.qa.opencart.testcase.RegistrationPageTest - intialising the page class objects
23:33:16.619 [main] INFO  com.qa.opencart.pages.HomePage - opening the myAccount menu
23:33:18.967 [main] INFO  com.qa.opencart.pages.HomePage - click on register link
23:33:23.010 [main] INFO  com.qa.opencart.testcase.RegistrationPageTest - verify the registration page title
23:33:23.052 [main] INFO  com.qa.opencart.utils.WebDriverUtils - Title of the page is :: Register Account
23:33:23.292 [main] INFO  com.qa.opencart.testcase.RegistrationPageTest - click on login page link from register page
23:33:26.508 [main] INFO  com.qa.opencart.testcase.RegistrationPageTest - validate the my account page title
23:33:26.519 [main] INFO  com.qa.opencart.utils.WebDriverUtils - Title of the page is :: Account Login
23:46:49.077 [main] INFO  com.qa.opencart.factory.WebDriverFactory - clear the cache/cookies 
23:46:49.101 [main] INFO  com.qa.opencart.factory.WebDriverFactory - adding implicit wait 
23:46:49.117 [main] INFO  com.qa.opencart.factory.WebDriverFactory - maximize the window
23:46:49.253 [main] INFO  com.qa.opencart.factory.TestBase - create object for WebDriverWait class
23:46:53.323 [main] INFO  com.qa.opencart.testcase.RegistrationPageTest - intialising the page class objects
23:46:56.711 [main] INFO  com.qa.opencart.pages.HomePage - opening the myAccount menu
23:46:59.046 [main] INFO  com.qa.opencart.pages.HomePage - click on register link
23:47:02.683 [main] INFO  com.qa.opencart.testcase.RegistrationPageTest - verify the registration page title
23:47:02.727 [main] INFO  com.qa.opencart.utils.WebDriverUtils - Title of the page is :: Register Account
23:47:03.000 [main] INFO  com.qa.opencart.testcase.RegistrationPageTest - click on login page link from register page
23:47:06.407 [main] INFO  com.qa.opencart.testcase.RegistrationPageTest - validate the my account page title
23:47:06.418 [main] INFO  com.qa.opencart.utils.WebDriverUtils - Title of the page is :: Account Login
23:52:53.952 [main] INFO  com.qa.opencart.factory.WebDriverFactory - clear the cache/cookies 
23:52:53.980 [main] INFO  com.qa.opencart.factory.WebDriverFactory - adding implicit wait 
23:52:53.998 [main] INFO  com.qa.opencart.factory.WebDriverFactory - maximize the window
23:52:54.132 [main] INFO  com.qa.opencart.factory.TestBase - create object for WebDriverWait class
23:52:58.049 [main] INFO  com.qa.opencart.testcase.RegistrationPageTest - intialising the page class objects
23:53:01.673 [main] INFO  com.qa.opencart.pages.HomePage - opening the myAccount menu
23:53:04.045 [main] INFO  com.qa.opencart.pages.HomePage - click on register link
23:53:07.979 [main] INFO  com.qa.opencart.testcase.RegistrationPageTest - verify the registration page title
23:53:08.000 [main] INFO  com.qa.opencart.utils.WebDriverUtils - Title of the page is :: Register Account
23:53:08.271 [main] INFO  com.qa.opencart.testcase.RegistrationPageTest - click on login page link from register page
23:53:11.592 [main] INFO  com.qa.opencart.pages.HomePage - opening the myAccount menu
23:53:13.866 [main] INFO  com.qa.opencart.pages.HomePage - click on register link
23:53:17.021 [main] INFO  com.qa.opencart.testcase.RegistrationPageTest - verify the registration page title
23:53:17.042 [main] INFO  com.qa.opencart.utils.WebDriverUtils - Title of the page is :: Register Account
23:53:17.051 [main] INFO  com.qa.opencart.testcase.RegistrationPageTest - navigate to registration page
23:53:17.054 [main] INFO  com.qa.opencart.testcase.RegistrationPageTest - Set the firstName:TUcim
23:53:17.055 [main] INFO  com.qa.opencart.pages.RegistrationPage - entering the fname value
23:53:19.449 [main] INFO  com.qa.opencart.testcase.RegistrationPageTest - Set the last Name:suqBO
23:53:19.450 [main] INFO  com.qa.opencart.pages.RegistrationPage - entering lastName value
23:53:21.911 [main] INFO  com.qa.opencart.testcase.RegistrationPageTest - Set the email:GIswH@gmail.com
23:53:21.911 [main] INFO  com.qa.opencart.pages.RegistrationPage - entering email address value
23:53:24.388 [main] INFO  com.qa.opencart.testcase.RegistrationPageTest - Set the telephone nbr:2860411450
23:53:24.389 [main] INFO  com.qa.opencart.pages.RegistrationPage - entering telephone number
23:53:26.838 [main] INFO  com.qa.opencart.testcase.RegistrationPageTest - Setting the company name:qyndy
23:53:26.838 [main] INFO  com.qa.opencart.pages.RegistrationPage - enter the company name in company editbox
23:53:29.255 [main] INFO  com.qa.opencart.testcase.RegistrationPageTest - Setting the company name:gTjUs
23:53:29.255 [main] INFO  com.qa.opencart.pages.RegistrationPage - enter the address in address editbox
23:53:31.685 [main] INFO  com.qa.opencart.testcase.RegistrationPageTest - Setting the company name:dzJDM
23:53:31.685 [main] INFO  com.qa.opencart.pages.RegistrationPage - enter the address in address editbox
23:53:34.118 [main] INFO  com.qa.opencart.testcase.RegistrationPageTest - Setting the company name:EbQWk
23:53:34.118 [main] INFO  com.qa.opencart.pages.RegistrationPage - enter the city in city editbox
23:53:36.554 [main] INFO  com.qa.opencart.testcase.RegistrationPageTest - Setting the company name:ZxklK
23:53:36.554 [main] INFO  com.qa.opencart.pages.RegistrationPage - enter the postcode in postcode editbox
23:53:38.979 [main] INFO  com.qa.opencart.pages.RegistrationPage - select option from country dropdown
23:53:39.300 [main] INFO  com.qa.opencart.utils.WebDriverUtils - Selected option : United States
23:53:39.301 [main] INFO  com.qa.opencart.pages.RegistrationPage - select option from state dropdown
23:53:39.889 [main] INFO  com.qa.opencart.utils.WebDriverUtils - Selected option : California
23:53:39.889 [main] INFO  com.qa.opencart.testcase.RegistrationPageTest - Set the password
23:53:39.890 [main] INFO  com.qa.opencart.pages.RegistrationPage - entering password value
23:53:42.398 [main] INFO  com.qa.opencart.testcase.RegistrationPageTest - Setting the confirm password editbox
23:53:42.398 [main] INFO  com.qa.opencart.pages.RegistrationPage - entering PasswordConfirm value
23:53:44.695 [main] INFO  com.qa.opencart.testcase.RegistrationPageTest - Select the subscribe radio button:Yes
23:53:44.696 [main] INFO  com.qa.opencart.pages.RegistrationPage - select Subscribe value
23:53:44.696 [main] INFO  com.qa.opencart.pages.RegistrationPage - Select Yes radio button
