11:03:00.836 [main] INFO  com.qa.opencart.testcase.RegistrationPageTest - Set the confirm password:vandana@123
11:03:00.849 [main] INFO  com.qa.opencart.pages.RegistrationPage - entering PasswordConfirm value
11:03:03.304 [main] INFO  com.qa.opencart.testcase.RegistrationPageTest - Select the subscribe radio button:Yes
11:03:03.305 [main] INFO  com.qa.opencart.pages.RegistrationPage - select Subscribe value
11:03:03.306 [main] INFO  com.qa.opencart.pages.RegistrationPage - Select Yes radio button
11:03:05.620 [main] INFO  com.qa.opencart.testcase.RegistrationPageTest - check the privacy checkBox
11:03:05.623 [main] INFO  com.qa.opencart.pages.RegistrationPage - Select agree to privacy policy checkBox
11:03:08.055 [main] INFO  com.qa.opencart.testcase.RegistrationPageTest - Click on continue button
11:03:08.056 [main] INFO  com.qa.opencart.pages.RegistrationPage - click On Continue button
11:03:11.514 [main] INFO  com.qa.opencart.testcase.RegistrationPageTest - verify account created header and success msg
11:03:16.059 [main] INFO  com.qa.opencart.testcase.RegistrationPageTest - click on continue button
11:03:16.060 [main] INFO  com.qa.opencart.pages.RegistrationPage - click on account created continue button
11:03:19.056 [main] INFO  com.qa.opencart.testcase.RegistrationPageTest - validate the my account page title
11:03:19.064 [main] INFO  com.qa.opencart.utils.WebDriverUtils - Title of the page is :: My Account
11:03:19.064 [main] INFO  com.qa.opencart.testcase.RegistrationPageTest - click on logout page
11:03:24.488 [main] INFO  com.qa.opencart.testcase.RegistrationPageTest - validate the logout page title
11:03:24.525 [main] INFO  com.qa.opencart.utils.WebDriverUtils - Title of the page is :: Account Logout
11:03:24.525 [main] INFO  com.qa.opencart.testcase.RegistrationPageTest - click on logout page continue button
11:03:27.657 [main] INFO  com.qa.opencart.pages.HomePage - opening the myAccount menu
11:03:29.952 [main] INFO  com.qa.opencart.pages.HomePage - click on register link
11:03:33.024 [main] INFO  com.qa.opencart.testcase.RegistrationPageTest - verify the registration page title
11:03:33.045 [main] INFO  com.qa.opencart.utils.WebDriverUtils - Title of the page is :: Register Account
11:03:33.052 [main] INFO  com.qa.opencart.testcase.RegistrationPageTest - Set the firstName:sreedevi
11:03:33.053 [main] INFO  com.qa.opencart.pages.RegistrationPage - entering the fname value
11:03:35.475 [main] INFO  com.qa.opencart.testcase.RegistrationPageTest - Set the last Name:Doolla
11:03:35.475 [main] INFO  com.qa.opencart.pages.RegistrationPage - entering lastName value
11:03:38.095 [main] INFO  com.qa.opencart.testcase.RegistrationPageTest - setting the email:OdKzn@gmail.com
11:03:38.096 [main] INFO  com.qa.opencart.pages.RegistrationPage - entering email address value
11:03:40.735 [main] INFO  com.qa.opencart.testcase.RegistrationPageTest - Set the telephone nbr:9980193573
11:03:40.738 [main] INFO  com.qa.opencart.pages.RegistrationPage - entering telephone number
11:03:43.356 [main] INFO  com.qa.opencart.pages.RegistrationPage - enter the company name in company editbox
11:03:45.939 [main] INFO  com.qa.opencart.pages.RegistrationPage - enter the address in address editbox
11:03:48.478 [main] INFO  com.qa.opencart.pages.RegistrationPage - enter the address in address editbox
11:03:51.094 [main] INFO  com.qa.opencart.pages.RegistrationPage - enter the city in city editbox
11:03:53.736 [main] INFO  com.qa.opencart.pages.RegistrationPage - enter the postcode in postcode editbox
11:03:56.353 [main] INFO  com.qa.opencart.pages.RegistrationPage - select option from country dropdown
11:03:56.626 [main] INFO  com.qa.opencart.utils.WebDriverUtils - Selected option : United States
11:03:56.626 [main] INFO  com.qa.opencart.pages.RegistrationPage - select option from state dropdown
11:03:56.997 [main] INFO  com.qa.opencart.utils.WebDriverUtils - Selected option : California
11:03:56.997 [main] INFO  com.qa.opencart.testcase.RegistrationPageTest - Set the password:sridevi@123
11:03:56.998 [main] INFO  com.qa.opencart.pages.RegistrationPage - entering password value
11:03:59.648 [main] INFO  com.qa.opencart.testcase.RegistrationPageTest - Set the confirm password:sridevi@123
11:03:59.648 [main] INFO  com.qa.opencart.pages.RegistrationPage - entering PasswordConfirm value
11:04:02.142 [main] INFO  com.qa.opencart.testcase.RegistrationPageTest - Select the subscribe radio button:Yes
11:04:02.142 [main] INFO  com.qa.opencart.pages.RegistrationPage - select Subscribe value
11:04:02.142 [main] INFO  com.qa.opencart.pages.RegistrationPage - Select No radio button
11:04:04.434 [main] INFO  com.qa.opencart.testcase.RegistrationPageTest - check the privacy checkBox
11:04:04.434 [main] INFO  com.qa.opencart.pages.RegistrationPage - Select agree to privacy policy checkBox
11:04:06.914 [main] INFO  com.qa.opencart.testcase.RegistrationPageTest - Click on continue button
11:04:06.914 [main] INFO  com.qa.opencart.pages.RegistrationPage - click On Continue button
11:04:10.412 [main] INFO  com.qa.opencart.testcase.RegistrationPageTest - verify account created header and success msg
11:04:14.877 [main] INFO  com.qa.opencart.testcase.RegistrationPageTest - click on continue button
11:04:14.877 [main] INFO  com.qa.opencart.pages.RegistrationPage - click on account created continue button
11:04:17.838 [main] INFO  com.qa.opencart.testcase.RegistrationPageTest - validate the my account page title
11:04:17.846 [main] INFO  com.qa.opencart.utils.WebDriverUtils - Title of the page is :: My Account
11:04:17.846 [main] INFO  com.qa.opencart.testcase.RegistrationPageTest - click on logout page
11:04:23.204 [main] INFO  com.qa.opencart.testcase.RegistrationPageTest - validate the logout page title
11:04:23.226 [main] INFO  com.qa.opencart.utils.WebDriverUtils - Title of the page is :: Account Logout
11:04:23.226 [main] INFO  com.qa.opencart.testcase.RegistrationPageTest - click on logout page continue button
11:04:26.386 [main] INFO  com.qa.opencart.pages.HomePage - opening the myAccount menu
11:04:28.566 [main] INFO  com.qa.opencart.pages.HomePage - click on register link
11:04:31.639 [main] INFO  com.qa.opencart.testcase.RegistrationPageTest - verify the registration page title
11:04:31.672 [main] INFO  com.qa.opencart.utils.WebDriverUtils - Title of the page is :: Register Account
11:04:31.677 [main] INFO  com.qa.opencart.testcase.RegistrationPageTest - Set the firstName:harshini
11:04:31.677 [main] INFO  com.qa.opencart.pages.RegistrationPage - entering the fname value
11:04:34.246 [main] INFO  com.qa.opencart.testcase.RegistrationPageTest - Set the last Name:ch
11:04:34.247 [main] INFO  com.qa.opencart.pages.RegistrationPage - entering lastName value
11:04:36.794 [main] INFO  com.qa.opencart.testcase.RegistrationPageTest - setting the email:FJaNm@gmail.com
11:04:36.794 [main] INFO  com.qa.opencart.pages.RegistrationPage - entering email address value
11:04:39.441 [main] INFO  com.qa.opencart.testcase.RegistrationPageTest - Set the telephone nbr:6303236395
11:04:39.441 [main] INFO  com.qa.opencart.pages.RegistrationPage - entering telephone number
11:04:42.031 [main] INFO  com.qa.opencart.pages.RegistrationPage - enter the company name in company editbox
11:04:44.621 [main] INFO  com.qa.opencart.pages.RegistrationPage - enter the address in address editbox
11:04:47.210 [main] INFO  com.qa.opencart.pages.RegistrationPage - enter the address in address editbox
11:04:49.701 [main] INFO  com.qa.opencart.pages.RegistrationPage - enter the city in city editbox
11:04:52.327 [main] INFO  com.qa.opencart.pages.RegistrationPage - enter the postcode in postcode editbox
11:04:54.919 [main] INFO  com.qa.opencart.pages.RegistrationPage - select option from country dropdown
11:04:55.179 [main] INFO  com.qa.opencart.utils.WebDriverUtils - Selected option : United States
11:04:55.180 [main] INFO  com.qa.opencart.pages.RegistrationPage - select option from state dropdown
11:04:55.491 [main] INFO  com.qa.opencart.utils.WebDriverUtils - Selected option : California
11:04:55.491 [main] INFO  com.qa.opencart.testcase.RegistrationPageTest - Set the password:harshini@123
11:04:55.492 [main] INFO  com.qa.opencart.pages.RegistrationPage - entering password value
11:04:58.095 [main] INFO  com.qa.opencart.testcase.RegistrationPageTest - Set the confirm password:harshini@123
11:04:58.095 [main] INFO  com.qa.opencart.pages.RegistrationPage - entering PasswordConfirm value
11:05:00.592 [main] INFO  com.qa.opencart.testcase.RegistrationPageTest - Select the subscribe radio button:Yes
11:05:00.592 [main] INFO  com.qa.opencart.pages.RegistrationPage - select Subscribe value
11:05:00.592 [main] INFO  com.qa.opencart.pages.RegistrationPage - Select Yes radio button
11:05:02.902 [main] INFO  com.qa.opencart.testcase.RegistrationPageTest - check the privacy checkBox
11:05:02.902 [main] INFO  com.qa.opencart.pages.RegistrationPage - Select agree to privacy policy checkBox
11:05:05.276 [main] INFO  com.qa.opencart.testcase.RegistrationPageTest - Click on continue button
11:05:05.277 [main] INFO  com.qa.opencart.pages.RegistrationPage - click On Continue button
11:05:08.935 [main] INFO  com.qa.opencart.testcase.RegistrationPageTest - verify account created header and success msg
11:05:13.190 [main] INFO  com.qa.opencart.testcase.RegistrationPageTest - click on continue button
11:05:13.190 [main] INFO  com.qa.opencart.pages.RegistrationPage - click on account created continue button
11:05:15.869 [main] INFO  com.qa.opencart.testcase.RegistrationPageTest - validate the my account page title
11:05:15.882 [main] INFO  com.qa.opencart.utils.WebDriverUtils - Title of the page is :: My Account
11:05:15.883 [main] INFO  com.qa.opencart.testcase.RegistrationPageTest - click on logout page
11:05:21.107 [main] INFO  com.qa.opencart.testcase.RegistrationPageTest - validate the logout page title
11:05:21.130 [main] INFO  com.qa.opencart.utils.WebDriverUtils - Title of the page is :: Account Logout
11:05:21.130 [main] INFO  com.qa.opencart.testcase.RegistrationPageTest - click on logout page continue button
11:05:24.378 [main] INFO  com.qa.opencart.pages.HomePage - opening the myAccount menu
11:05:26.581 [main] INFO  com.qa.opencart.pages.HomePage - click on register link
11:05:29.527 [main] INFO  com.qa.opencart.testcase.RegistrationPageTest - verify the registration page title
11:05:29.552 [main] INFO  com.qa.opencart.utils.WebDriverUtils - Title of the page is :: Register Account
11:05:29.556 [main] INFO  com.qa.opencart.testcase.RegistrationPageTest - navigate to registration page
11:05:29.557 [main] INFO  com.qa.opencart.testcase.RegistrationPageTest - Set the firstName:dPKNi
11:05:29.557 [main] INFO  com.qa.opencart.pages.RegistrationPage - entering the fname value
11:05:31.857 [main] INFO  com.qa.opencart.testcase.RegistrationPageTest - Set the last Name:wsKRk
11:05:31.857 [main] INFO  com.qa.opencart.pages.RegistrationPage - entering lastName value
11:05:34.246 [main] INFO  com.qa.opencart.testcase.RegistrationPageTest - Set the email:mVmhs@gmail.com
11:05:34.246 [main] INFO  com.qa.opencart.pages.RegistrationPage - entering email address value
11:05:36.653 [main] INFO  com.qa.opencart.testcase.RegistrationPageTest - Set the telephone nbr:5621317331
11:05:36.653 [main] INFO  com.qa.opencart.pages.RegistrationPage - entering telephone number
11:05:39.032 [main] INFO  com.qa.opencart.testcase.RegistrationPageTest - Entering Address details....
11:05:39.036 [main] INFO  com.qa.opencart.pages.RegistrationPage - enter the company name in company editbox
11:05:41.526 [main] INFO  com.qa.opencart.pages.RegistrationPage - enter the address in address editbox
11:05:44.104 [main] INFO  com.qa.opencart.pages.RegistrationPage - enter the address in address editbox
11:05:46.690 [main] INFO  com.qa.opencart.pages.RegistrationPage - enter the city in city editbox
11:05:49.315 [main] INFO  com.qa.opencart.pages.RegistrationPage - enter the postcode in postcode editbox
11:05:51.775 [main] INFO  com.qa.opencart.pages.RegistrationPage - select option from country dropdown
11:05:52.044 [main] INFO  com.qa.opencart.utils.WebDriverUtils - Selected option : United States
11:05:52.044 [main] INFO  com.qa.opencart.pages.RegistrationPage - select option from state dropdown
11:05:52.489 [main] INFO  com.qa.opencart.utils.WebDriverUtils - Selected option : California
11:05:52.490 [main] INFO  com.qa.opencart.testcase.RegistrationPageTest - Set the password:hYow@742
11:05:52.490 [main] INFO  com.qa.opencart.pages.RegistrationPage - entering password value
11:05:55.088 [main] INFO  com.qa.opencart.testcase.RegistrationPageTest - Set the confirm password:hYow@742
11:05:55.088 [main] INFO  com.qa.opencart.pages.RegistrationPage - entering PasswordConfirm value
11:05:57.571 [main] INFO  com.qa.opencart.testcase.RegistrationPageTest - Select the subscribe radio button:Yes
11:05:57.571 [main] INFO  com.qa.opencart.pages.RegistrationPage - select Subscribe value
11:05:57.572 [main] INFO  com.qa.opencart.pages.RegistrationPage - Select Yes radio button
11:05:59.864 [main] INFO  com.qa.opencart.testcase.RegistrationPageTest - check the privacy checkBox
11:05:59.865 [main] INFO  com.qa.opencart.pages.RegistrationPage - Select agree to privacy policy checkBox
11:06:02.262 [main] INFO  com.qa.opencart.testcase.RegistrationPageTest - Click on continue button
11:06:02.262 [main] INFO  com.qa.opencart.pages.RegistrationPage - click On Continue button
11:06:05.508 [main] INFO  com.qa.opencart.testcase.RegistrationPageTest - verify account created header and success msg
11:06:09.944 [main] INFO  com.qa.opencart.testcase.RegistrationPageTest - click on continue button
11:06:09.945 [main] INFO  com.qa.opencart.pages.RegistrationPage - click on account created continue button
11:06:12.731 [main] INFO  com.qa.opencart.testcase.RegistrationPageTest - validate the my account page title
11:06:12.748 [main] INFO  com.qa.opencart.utils.WebDriverUtils - Title of the page is :: My Account
11:06:12.749 [main] INFO  com.qa.opencart.testcase.RegistrationPageTest - click on logout page
11:06:18.119 [main] INFO  com.qa.opencart.testcase.RegistrationPageTest - validate the logout page title
11:06:18.146 [main] INFO  com.qa.opencart.utils.WebDriverUtils - Title of the page is :: Account Logout
11:06:18.146 [main] INFO  com.qa.opencart.testcase.RegistrationPageTest - click on logout page continue button
11:06:21.209 [main] INFO  com.qa.opencart.pages.HomePage - opening the myAccount menu
11:06:23.482 [main] INFO  com.qa.opencart.pages.HomePage - click on register link
11:06:26.585 [main] INFO  com.qa.opencart.testcase.RegistrationPageTest - verify the registration page title
11:06:26.613 [main] INFO  com.qa.opencart.utils.WebDriverUtils - Title of the page is :: Register Account
11:06:26.622 [main] INFO  com.qa.opencart.testcase.RegistrationPageTest - click on login page link from register page
11:06:29.601 [main] INFO  com.qa.opencart.pages.HomePage - opening the myAccount menu
11:06:31.861 [main] INFO  com.qa.opencart.pages.HomePage - click on register link
11:06:34.828 [main] INFO  com.qa.opencart.testcase.RegistrationPageTest - verify the registration page title
11:06:34.854 [main] INFO  com.qa.opencart.utils.WebDriverUtils - Title of the page is :: Register Account
11:06:34.859 [main] INFO  com.qa.opencart.testcase.RegistrationPageTest - navigate to registration page
11:06:34.859 [main] INFO  com.qa.opencart.testcase.RegistrationPageTest - Set the firstName:bZplV
11:06:34.859 [main] INFO  com.qa.opencart.pages.RegistrationPage - entering the fname value
11:06:37.404 [main] INFO  com.qa.opencart.testcase.RegistrationPageTest - Set the last Name:SzdKi
11:06:37.404 [main] INFO  com.qa.opencart.pages.RegistrationPage - entering lastName value
11:06:40.008 [main] INFO  com.qa.opencart.pages.RegistrationPage - entering email address value
11:06:42.511 [main] INFO  com.qa.opencart.testcase.RegistrationPageTest - Set the telephone nbr:4913821823
11:06:42.511 [main] INFO  com.qa.opencart.pages.RegistrationPage - entering telephone number
11:06:45.134 [main] INFO  com.qa.opencart.testcase.RegistrationPageTest - Setting the company name:PxmwQ
11:06:45.134 [main] INFO  com.qa.opencart.pages.RegistrationPage - enter the company name in company editbox
11:06:47.643 [main] INFO  com.qa.opencart.testcase.RegistrationPageTest - Setting the company name:pXRnK
11:06:47.644 [main] INFO  com.qa.opencart.pages.RegistrationPage - enter the address in address editbox
11:06:50.244 [main] INFO  com.qa.opencart.testcase.RegistrationPageTest - Setting the company name:Rjear
11:06:50.244 [main] INFO  com.qa.opencart.pages.RegistrationPage - enter the address in address editbox
11:06:52.749 [main] INFO  com.qa.opencart.testcase.RegistrationPageTest - Setting the company name:vVcMb
11:06:52.749 [main] INFO  com.qa.opencart.pages.RegistrationPage - enter the city in city editbox
11:06:55.341 [main] INFO  com.qa.opencart.testcase.RegistrationPageTest - Setting the company name:ysBFd
11:06:55.341 [main] INFO  com.qa.opencart.pages.RegistrationPage - enter the postcode in postcode editbox
11:06:57.920 [main] INFO  com.qa.opencart.pages.RegistrationPage - select option from country dropdown
11:06:58.185 [main] INFO  com.qa.opencart.utils.WebDriverUtils - Selected option : United States
11:06:58.185 [main] INFO  com.qa.opencart.pages.RegistrationPage - select option from state dropdown
11:06:58.627 [main] INFO  com.qa.opencart.utils.WebDriverUtils - Selected option : California
11:06:58.628 [main] INFO  com.qa.opencart.testcase.RegistrationPageTest - Set the password
11:06:58.628 [main] INFO  com.qa.opencart.pages.RegistrationPage - entering password value
11:07:01.259 [main] INFO  com.qa.opencart.testcase.RegistrationPageTest - Setting the confirm password editbox
11:07:01.259 [main] INFO  com.qa.opencart.pages.RegistrationPage - entering PasswordConfirm value
11:07:03.767 [main] INFO  com.qa.opencart.testcase.RegistrationPageTest - Select the subscribe radio button:Yes
11:07:03.767 [main] INFO  com.qa.opencart.pages.RegistrationPage - select Subscribe value
11:07:03.767 [main] INFO  com.qa.opencart.pages.RegistrationPage - Select Yes radio button
11:07:05.943 [main] INFO  com.qa.opencart.testcase.RegistrationPageTest - check the privacy checkBox
11:07:05.943 [main] INFO  com.qa.opencart.pages.RegistrationPage - Select agree to privacy policy checkBox
11:07:08.317 [main] INFO  com.qa.opencart.testcase.RegistrationPageTest - Click on continue button
11:07:08.318 [main] INFO  com.qa.opencart.pages.RegistrationPage - click On Continue button
11:07:11.690 [main] INFO  com.qa.opencart.pages.HomePage - opening the myAccount menu
11:07:13.989 [main] INFO  com.qa.opencart.pages.HomePage - click on register link
11:07:16.906 [main] INFO  com.qa.opencart.testcase.RegistrationPageTest - verify the registration page title
11:07:16.932 [main] INFO  com.qa.opencart.utils.WebDriverUtils - Title of the page is :: Register Account
11:07:16.938 [main] INFO  com.qa.opencart.testcase.RegistrationPageTest - click on register page privacy policy link
11:07:16.939 [main] INFO  com.qa.opencart.pages.RegistrationPage - click On RegPg Privacy Policy Link
11:07:19.213 [main] INFO  com.qa.opencart.pages.RegistrationPage - click on policy popup cross link
11:07:21.984 [main] INFO  com.qa.opencart.pages.HomePage - opening the myAccount menu
11:07:24.292 [main] INFO  com.qa.opencart.pages.HomePage - click on register link
11:07:27.191 [main] INFO  com.qa.opencart.testcase.RegistrationPageTest - verify the registration page title
11:07:27.226 [main] INFO  com.qa.opencart.utils.WebDriverUtils - Title of the page is :: Register Account
11:07:27.239 [main] INFO  com.qa.opencart.testcase.RegistrationPageTest - click on continue btn without filling mandatory fields
11:07:27.239 [main] INFO  com.qa.opencart.pages.RegistrationPage - click On Continue button
11:07:30.536 [main] INFO  com.qa.opencart.pages.HomePage - opening the myAccount menu
11:07:32.836 [main] INFO  com.qa.opencart.pages.HomePage - click on register link
11:07:35.873 [main] INFO  com.qa.opencart.testcase.RegistrationPageTest - verify the registration page title
11:07:35.883 [main] INFO  com.qa.opencart.utils.WebDriverUtils - Title of the page is :: Register Account
11:07:35.888 [main] INFO  com.qa.opencart.testcase.RegistrationPageTest - navigate to registration page
11:07:35.888 [main] INFO  com.qa.opencart.testcase.RegistrationPageTest - Set the firstName:Cdkie
11:07:35.888 [main] INFO  com.qa.opencart.pages.RegistrationPage - entering the fname value
11:07:38.351 [main] INFO  com.qa.opencart.testcase.RegistrationPageTest - Set the last Name:DKkme
11:07:38.351 [main] INFO  com.qa.opencart.pages.RegistrationPage - entering lastName value
11:07:40.942 [main] INFO  com.qa.opencart.pages.RegistrationPage - entering email address value
11:07:43.498 [main] INFO  com.qa.opencart.testcase.RegistrationPageTest - Set the telephone nbr:9324699589
11:07:43.499 [main] INFO  com.qa.opencart.pages.RegistrationPage - entering telephone number
11:07:46.146 [main] INFO  com.qa.opencart.testcase.RegistrationPageTest - Setting the company name:JgnNu
11:07:46.146 [main] INFO  com.qa.opencart.pages.RegistrationPage - enter the company name in company editbox
11:07:48.718 [main] INFO  com.qa.opencart.testcase.RegistrationPageTest - Setting the company name:Avcqq
11:07:48.718 [main] INFO  com.qa.opencart.pages.RegistrationPage - enter the address in address editbox
11:07:51.323 [main] INFO  com.qa.opencart.testcase.RegistrationPageTest - Setting the company name:YsMdk
11:07:51.324 [main] INFO  com.qa.opencart.pages.RegistrationPage - enter the address in address editbox
11:07:53.901 [main] INFO  com.qa.opencart.testcase.RegistrationPageTest - Setting the company name:qQCAG
11:07:53.901 [main] INFO  com.qa.opencart.pages.RegistrationPage - enter the city in city editbox
11:07:56.419 [main] INFO  com.qa.opencart.testcase.RegistrationPageTest - Setting the company name:znVfM
11:07:56.419 [main] INFO  com.qa.opencart.pages.RegistrationPage - enter the postcode in postcode editbox
11:07:59.024 [main] INFO  com.qa.opencart.pages.RegistrationPage - select option from country dropdown
11:07:59.290 [main] INFO  com.qa.opencart.utils.WebDriverUtils - Selected option : United States
11:07:59.290 [main] INFO  com.qa.opencart.pages.RegistrationPage - select option from state dropdown
11:07:59.590 [main] INFO  com.qa.opencart.utils.WebDriverUtils - Selected option : California
11:07:59.590 [main] INFO  com.qa.opencart.testcase.RegistrationPageTest - Set the password
11:07:59.590 [main] INFO  com.qa.opencart.pages.RegistrationPage - entering password value
11:08:02.180 [main] INFO  com.qa.opencart.pages.RegistrationPage - entering PasswordConfirm value
11:08:04.613 [main] INFO  com.qa.opencart.pages.RegistrationPage - select Subscribe value
11:08:04.613 [main] INFO  com.qa.opencart.pages.RegistrationPage - Select Yes radio button
11:08:06.902 [main] INFO  com.qa.opencart.testcase.RegistrationPageTest - check the privacy checkBox
11:08:06.902 [main] INFO  com.qa.opencart.pages.RegistrationPage - Select agree to privacy policy checkBox
11:08:09.266 [main] INFO  com.qa.opencart.testcase.RegistrationPageTest - Click on continue button
11:08:09.267 [main] INFO  com.qa.opencart.pages.RegistrationPage - click On Continue button
11:08:16.829 [main] INFO  com.qa.opencart.factory.WebDriverFactory - clear the cache/cookies 
11:08:16.844 [main] INFO  com.qa.opencart.factory.WebDriverFactory - adding implicit wait 
11:08:16.846 [main] INFO  com.qa.opencart.factory.WebDriverFactory - maximize the window
11:08:16.976 [main] INFO  com.qa.opencart.factory.TestBase - create object for WebDriverWait class
11:08:20.031 [main] INFO  com.qa.opencart.testcase.ForgotPswdPageTest - initialising the page class objects
11:08:20.046 [main] INFO  com.qa.opencart.pages.HomePage - opening the myAccount menu
11:08:22.264 [main] INFO  com.qa.opencart.pages.HomePage - click on Login link
11:08:25.137 [main] INFO  com.qa.opencart.pages.LoginPage - click on ForgottenPassword link
11:08:27.930 [main] INFO  com.qa.opencart.testcase.ForgotPswdPageTest - verifying isForgotYourPswdHeaderTxtAvailable
11:08:27.930 [main] INFO  com.qa.opencart.pages.ForgotYourPasswordPage - ForgotYourPswdHeaderTxt is displayed on page
11:08:27.998 [main] INFO  com.qa.opencart.utils.WebDriverUtils - Element is displayed::[[ChromeDriver: chrome on WINDOWS (d80cc421c6b6d73f9348743eb841798b)] -> xpath: //h1[text()='Forgot Your Password?']]
11:08:28.136 [main] INFO  com.qa.opencart.pages.LoginPage - click on ForgottenPassword link
11:08:30.852 [main] INFO  com.qa.opencart.testcase.ForgotPswdPageTest - verifying IsYourEmailAddrTxtAvailable
11:08:30.921 [main] INFO  com.qa.opencart.utils.WebDriverUtils - Element is displayed::[[ChromeDriver: chrome on WINDOWS (d80cc421c6b6d73f9348743eb841798b)] -> xpath: //legend[text()='Your E-Mail Address']]
11:08:31.108 [main] INFO  com.qa.opencart.pages.LoginPage - click on ForgottenPassword link
11:08:33.813 [main] INFO  com.qa.opencart.pages.ForgotYourPasswordPage - enter the email address value
11:08:36.285 [main] INFO  com.qa.opencart.pages.ForgotYourPasswordPage - click on continue button
11:08:39.043 [main] INFO  com.qa.opencart.pages.ForgotYourPasswordPage - emailAddrNotFoundWarning
11:08:41.251 [main] INFO  com.qa.opencart.pages.ForgotYourPasswordPage - click on back link
11:08:44.288 [main] INFO  com.qa.opencart.pages.LoginPage - click on ForgottenPassword link
11:08:47.091 [main] INFO  com.qa.opencart.utils.WebDriverUtils - Title of the page is :: Forgot Your Password?
11:08:47.091 [main] INFO  com.qa.opencart.testcase.ForgotPswdPageTest - click on continue btn from forgotPwd page
11:08:47.091 [main] INFO  com.qa.opencart.pages.ForgotYourPasswordPage - click on continue button
11:08:49.839 [main] INFO  com.qa.opencart.pages.ForgotYourPasswordPage - emailAddrNotFoundWarning
11:08:52.039 [main] INFO  com.qa.opencart.pages.ForgotYourPasswordPage - click on back link
11:08:55.203 [main] INFO  com.qa.opencart.pages.LoginPage - click on ForgottenPassword link
11:08:57.999 [main] INFO  com.qa.opencart.utils.WebDriverUtils - Current URL is :: http://rameshqaonline.lovestoblog.com/index.php?route=account/forgotten
11:08:57.999 [main] INFO  com.qa.opencart.testcase.ForgotPswdPageTest - click on back link
11:08:57.999 [main] INFO  com.qa.opencart.pages.ForgotYourPasswordPage - click on back link
11:09:00.931 [main] INFO  com.qa.opencart.pages.LoginPage - click on ForgottenPassword link
11:09:03.763 [main] INFO  com.qa.opencart.pages.ForgotYourPasswordPage - enter the email address value
11:09:06.213 [main] INFO  com.qa.opencart.pages.ForgotYourPasswordPage - click on continue button
11:09:09.332 [main] INFO  com.qa.opencart.pages.LoginPage - loginPg Conformation SuccMsg From ForgotPg
11:09:13.429 [main] INFO  com.qa.opencart.factory.WebDriverFactory - clear the cache/cookies 
11:09:13.438 [main] INFO  com.qa.opencart.factory.WebDriverFactory - adding implicit wait 
11:09:13.439 [main] INFO  com.qa.opencart.factory.WebDriverFactory - maximize the window
11:09:13.568 [main] INFO  com.qa.opencart.factory.TestBase - create object for WebDriverWait class
11:09:16.597 [main] INFO  com.qa.opencart.testcase.LoginPageTest - initializing page class objects
11:09:16.612 [main] INFO  com.qa.opencart.pages.HomePage - opening the myAccount menu
11:09:18.873 [main] INFO  com.qa.opencart.pages.HomePage - click on Login link
11:09:21.698 [main] INFO  com.qa.opencart.testcase.LoginPageTest - verifying login page title
11:09:21.717 [main] INFO  com.qa.opencart.utils.WebDriverUtils - Title of the page is :: Account Login
11:09:21.901 [main] INFO  com.qa.opencart.testcase.LoginPageTest - verifying login page Url
11:09:22.057 [main] INFO  com.qa.opencart.testcase.LoginPageTest - verifying NewCustomer Header Text Available
11:09:22.113 [main] INFO  com.qa.opencart.utils.WebDriverUtils - Element is displayed::[[ChromeDriver: chrome on WINDOWS (d9a15a02aef8fee8b2edfb9001f43002)] -> xpath: //*[text()='New Customer']]
11:09:22.287 [main] INFO  com.qa.opencart.testcase.LoginPageTest - verifying Returning Customer HeaderText
11:09:22.330 [main] INFO  com.qa.opencart.utils.WebDriverUtils - Element is displayed::[[ChromeDriver: chrome on WINDOWS (d9a15a02aef8fee8b2edfb9001f43002)] -> xpath: //h2[text()='Returning Customer']]
11:09:22.491 [main] INFO  com.qa.opencart.testcase.LoginPageTest - verifying ForgotPswd link Exists or not
11:09:22.491 [main] INFO  com.qa.opencart.pages.LoginPage - verifying forgotpswd existsin login page
11:09:22.540 [main] INFO  com.qa.opencart.utils.WebDriverUtils - Element is displayed::[[ChromeDriver: chrome on WINDOWS (d9a15a02aef8fee8b2edfb9001f43002)] -> xpath: //*[text()='Forgotten Password']]
11:09:22.707 [main] INFO  com.qa.opencart.testcase.LoginPageTest - verifying isRegisterAccountTextAvailable
11:09:22.753 [main] INFO  com.qa.opencart.utils.WebDriverUtils - Element is displayed::[[ChromeDriver: chrome on WINDOWS (d9a15a02aef8fee8b2edfb9001f43002)] -> xpath: //*[text()='Register Account']]
11:09:22.909 [main] INFO  com.qa.opencart.testcase.LoginPageTest - click on ForgottenPswdLinkTest
11:09:22.909 [main] INFO  com.qa.opencart.pages.LoginPage - click on ForgottenPassword link
11:09:25.581 [main] INFO  com.qa.opencart.utils.WebDriverUtils - Title of the page is :: Forgot Your Password?
11:09:26.028 [main] INFO  com.qa.opencart.utils.WebDriverUtils - Navigate back
11:09:26.261 [main] INFO  com.qa.opencart.pages.LoginPage - click on continue button
11:09:29.326 [main] INFO  com.qa.opencart.utils.WebDriverUtils - Title of the page is :: Register Account
11:09:29.795 [main] INFO  com.qa.opencart.utils.WebDriverUtils - Navigate back
11:09:35.028 [main] INFO  com.qa.opencart.pages.LoginPage - click on login button
11:09:38.048 [main] INFO  com.qa.opencart.utils.WebDriverUtils - Title of the page is :: My Account
11:09:43.564 [main] INFO  com.qa.opencart.utils.WebDriverUtils - Title of the page is :: Account Logout
11:09:46.430 [main] INFO  com.qa.opencart.utils.WebDriverUtils - Title of the page is :: Your Store
11:09:48.051 [main] INFO  com.qa.opencart.factory.WebDriverFactory - clear the cache/cookies 
11:09:48.062 [main] INFO  com.qa.opencart.factory.WebDriverFactory - adding implicit wait 
11:09:48.064 [main] INFO  com.qa.opencart.factory.WebDriverFactory - maximize the window
11:09:48.268 [main] INFO  com.qa.opencart.factory.TestBase - create object for WebDriverWait class
11:09:51.494 [main] INFO  com.qa.opencart.testcase.MyAccountPageTest - to intialize the page class objects
11:09:51.506 [main] INFO  com.qa.opencart.pages.HomePage - opening the myAccount menu
11:09:53.740 [main] INFO  com.qa.opencart.pages.HomePage - click on Login link
11:10:01.294 [main] INFO  com.qa.opencart.pages.LoginPage - click on login button
11:10:04.420 [main] INFO  com.qa.opencart.testcase.MyAccountPageTest - verifying my account pg Url
11:10:04.646 [main] INFO  com.qa.opencart.testcase.MyAccountPageTest - verifying my account pg title
11:10:04.654 [main] INFO  com.qa.opencart.utils.WebDriverUtils - Title of the page is :: My Account
11:10:04.822 [main] INFO  com.qa.opencart.testcase.MyAccountPageTest - verifying is SearchBox Exists or not
11:10:05.029 [main] INFO  com.qa.opencart.testcase.MyAccountPageTest - verifying is Logout Exists or not
11:10:07.542 [main] INFO  com.qa.opencart.testcase.MyAccountPageTest - verifying MyAccMenuOptionList
11:10:10.051 [main] INFO  com.qa.opencart.testcase.MyAccountPageTest - verifying MyAccHeaderList
11:10:10.314 [main] INFO  com.qa.opencart.pages.MyAccountPage - search product name in search edit box:iMac
11:10:13.561 [main] INFO  com.qa.opencart.utils.WebDriverUtils - Title of the page is :: Search - iMac
11:10:13.646 [main] INFO  com.qa.opencart.pages.ResultsPage - click on my account menu
11:10:15.931 [main] INFO  com.qa.opencart.pages.ResultsPage - click on results page my account option in my account menu
11:10:19.043 [main] INFO  com.qa.opencart.pages.MyAccountPage - search product name in search edit box:Samsung
11:10:22.240 [main] INFO  com.qa.opencart.utils.WebDriverUtils - Title of the page is :: Search - Samsung
11:10:22.251 [main] INFO  com.qa.opencart.pages.ResultsPage - click on my account menu
11:10:24.537 [main] INFO  com.qa.opencart.pages.ResultsPage - click on results page my account option in my account menu
11:10:27.565 [main] INFO  com.qa.opencart.pages.MyAccountPage - search product name in search edit box:MacBook
11:10:30.740 [main] INFO  com.qa.opencart.utils.WebDriverUtils - Title of the page is :: Search - MacBook
11:10:30.753 [main] INFO  com.qa.opencart.pages.ResultsPage - click on my account menu
11:10:33.068 [main] INFO  com.qa.opencart.pages.ResultsPage - click on results page my account option in my account menu
11:10:41.485 [main] INFO  com.qa.opencart.utils.WebDriverUtils - Title of the page is :: Account Logout
11:10:44.335 [main] INFO  com.qa.opencart.utils.WebDriverUtils - Title of the page is :: Your Store
11:10:46.089 [main] INFO  com.qa.opencart.factory.WebDriverFactory - clear the cache/cookies 
11:10:46.105 [main] INFO  com.qa.opencart.factory.WebDriverFactory - adding implicit wait 
11:10:46.107 [main] INFO  com.qa.opencart.factory.WebDriverFactory - maximize the window
11:10:46.244 [main] INFO  com.qa.opencart.factory.TestBase - create object for WebDriverWait class
11:10:49.429 [main] INFO  com.qa.opencart.testcase.ProductsDetailsPageTest - intializing the page class objects
11:10:49.441 [main] INFO  com.qa.opencart.pages.HomePage - opening the myAccount menu
11:10:51.656 [main] INFO  com.qa.opencart.pages.HomePage - click on Login link
11:10:59.302 [main] INFO  com.qa.opencart.pages.LoginPage - click on login button
11:11:02.449 [main] INFO  com.qa.opencart.pages.MyAccountPage - search product name in search edit box:Macbook
11:11:05.433 [main] INFO  com.qa.opencart.pages.ResultsPage - select product name:MacBook Pro
11:11:07.984 [main] INFO  com.qa.opencart.pages.MyAccountPage - search product name in search edit box:Macbook
11:11:11.269 [main] INFO  com.qa.opencart.pages.ResultsPage - select product name:MacBook Air
11:11:12.943 [main] INFO  com.qa.opencart.pages.MyAccountPage - search product name in search edit box:imac
11:11:16.169 [main] INFO  com.qa.opencart.pages.ResultsPage - select product name:iMac
11:11:17.815 [main] INFO  com.qa.opencart.pages.MyAccountPage - search product name in search edit box:samsung
11:11:20.907 [main] INFO  com.qa.opencart.pages.ResultsPage - select product name:Samsung SyncMaster 941BW
11:11:22.574 [main] INFO  com.qa.opencart.pages.MyAccountPage - search product name in search edit box:Apple
11:11:25.664 [main] INFO  com.qa.opencart.pages.ResultsPage - select product name:Apple Cinema 30"
11:11:27.520 [main] INFO  com.qa.opencart.pages.MyAccountPage - search product name in search edit box:Macbook
11:11:30.705 [main] INFO  com.qa.opencart.pages.ResultsPage - select product name:MacBook Pro
11:11:31.895 [main] INFO  com.qa.opencart.pages.MyAccountPage - search product name in search edit box:Macbook
11:11:35.012 [main] INFO  com.qa.opencart.pages.ResultsPage - select product name:MacBook Air
11:11:36.416 [main] INFO  com.qa.opencart.pages.MyAccountPage - search product name in search edit box:imac
11:11:39.459 [main] INFO  com.qa.opencart.pages.ResultsPage - select product name:iMac
11:11:40.823 [main] INFO  com.qa.opencart.pages.MyAccountPage - search product name in search edit box:samsung
11:11:43.984 [main] INFO  com.qa.opencart.pages.ResultsPage - select product name:Samsung SyncMaster 941BW
11:11:45.379 [main] INFO  com.qa.opencart.pages.MyAccountPage - search product name in search edit box:Apple
11:11:48.512 [main] INFO  com.qa.opencart.pages.ResultsPage - select product name:Apple Cinema 30"
11:11:50.019 [main] INFO  com.qa.opencart.pages.MyAccountPage - search product name in search edit box:Macbook
11:11:52.998 [main] INFO  com.qa.opencart.pages.ResultsPage - select product name:MacBook Pro
11:11:53.944 [main] INFO  com.qa.opencart.pages.ProductsDetailsPage - productMetaDataList size is:
11:11:54.078 [main] INFO  com.qa.opencart.pages.ProductsDetailsPage - ProductPriceList size is:2
11:11:59.876 [main] INFO  com.qa.opencart.utils.WebDriverUtils - Title of the page is :: Account Logout
11:12:02.757 [main] INFO  com.qa.opencart.utils.WebDriverUtils - Title of the page is :: Your Store
15:36:37.231 [main] INFO  com.qa.opencart.factory.WebDriverFactory - clear the cache/cookies 
15:36:37.316 [main] INFO  com.qa.opencart.factory.WebDriverFactory - adding implicit wait 
15:36:37.330 [main] INFO  com.qa.opencart.factory.WebDriverFactory - maximize the window
15:36:37.465 [main] INFO  com.qa.opencart.factory.TestBase - create object for WebDriverWait class
15:36:44.809 [main] INFO  com.qa.opencart.testcase.HomePageTest - initialising the page class objects
15:36:45.170 [main] INFO  com.qa.opencart.testcase.HomePageTest - Verify the home page logo text
15:36:45.715 [main] INFO  com.qa.opencart.utils.WebDriverUtils - Title of the page is :: Your Store
15:36:45.758 [main] INFO  com.qa.opencart.testcase.HomePageTest - Verify the opencart title
15:36:45.771 [main] INFO  com.qa.opencart.utils.WebDriverUtils - Title of the page is :: Your Store
15:36:46.014 [main] INFO  com.qa.opencart.utils.WebDriverUtils - Title of the page is :: Your Store
15:36:46.066 [main] INFO  com.qa.opencart.testcase.HomePageTest - TC_03_navigate to registration page
15:36:46.067 [main] INFO  com.qa.opencart.testcase.HomePageTest - Click on my Account menu
15:36:46.067 [main] INFO  com.qa.opencart.pages.HomePage - opening the myAccount menu
15:36:48.368 [main] INFO  com.qa.opencart.pages.HomePage - click on register link
15:36:52.862 [main] INFO  com.qa.opencart.testcase.HomePageTest - wait for regPg title
15:36:52.883 [main] INFO  com.qa.opencart.testcase.HomePageTest - Assert the Registration page title
15:36:52.893 [main] INFO  com.qa.opencart.utils.WebDriverUtils - Title of the page is :: Register Account
15:36:52.893 [main] INFO  com.qa.opencart.testcase.HomePageTest - Click on Home icon in Registration page
15:36:52.894 [main] INFO  com.qa.opencart.pages.RegistrationPage - click on Home Icon
15:36:53.821 [main] INFO  com.qa.opencart.utils.WebDriverUtils - Title of the page is :: Your Store
15:36:53.854 [main] INFO  com.qa.opencart.testcase.HomePageTest - TC_04_navigate to login page
15:36:53.854 [main] INFO  com.qa.opencart.pages.HomePage - opening the myAccount menu
15:36:56.068 [main] INFO  com.qa.opencart.pages.HomePage - click on Login link
15:36:59.301 [main] INFO  com.qa.opencart.testcase.HomePageTest - Assert the login page title
15:36:59.321 [main] INFO  com.qa.opencart.utils.WebDriverUtils - Title of the page is :: Account Login
15:36:59.321 [main] INFO  com.qa.opencart.testcase.HomePageTest - Click on Home icon in Login page
15:36:59.321 [main] INFO  com.qa.opencart.pages.LoginPage - click on home icon
15:37:00.631 [main] INFO  com.qa.opencart.utils.WebDriverUtils - Title of the page is :: Your Store
15:37:02.438 [main] INFO  com.qa.opencart.factory.WebDriverFactory - clear the cache/cookies 
15:37:02.453 [main] INFO  com.qa.opencart.factory.WebDriverFactory - adding implicit wait 
15:37:02.459 [main] INFO  com.qa.opencart.factory.WebDriverFactory - maximize the window
15:37:02.600 [main] INFO  com.qa.opencart.factory.TestBase - create object for WebDriverWait class
15:37:08.852 [main] INFO  com.qa.opencart.testcase.RegistrationPageTest - intialising the page class objects
15:37:13.907 [main] INFO  com.qa.opencart.pages.HomePage - opening the myAccount menu
15:37:16.226 [main] INFO  com.qa.opencart.pages.HomePage - click on register link
15:37:20.469 [main] INFO  com.qa.opencart.testcase.RegistrationPageTest - verify the registration page title
15:37:20.498 [main] INFO  com.qa.opencart.utils.WebDriverUtils - Title of the page is :: Register Account
15:37:20.717 [main] INFO  com.qa.opencart.testcase.RegistrationPageTest - Set the firstName:Vandana
15:37:20.717 [main] INFO  com.qa.opencart.pages.RegistrationPage - entering the fname value
15:37:23.143 [main] INFO  com.qa.opencart.testcase.RegistrationPageTest - Set the last Name:senthil
15:37:23.145 [main] INFO  com.qa.opencart.pages.RegistrationPage - entering lastName value
15:37:25.646 [main] INFO  com.qa.opencart.testcase.RegistrationPageTest - setting the email:xbXgl@gmail.com
15:37:25.646 [main] INFO  com.qa.opencart.pages.RegistrationPage - entering email address value
15:37:28.068 [main] INFO  com.qa.opencart.testcase.RegistrationPageTest - Set the telephone nbr:3146069849
15:37:28.069 [main] INFO  com.qa.opencart.pages.RegistrationPage - entering telephone number
15:37:30.627 [main] INFO  com.qa.opencart.pages.RegistrationPage - enter the company name in company editbox
15:37:33.231 [main] INFO  com.qa.opencart.pages.RegistrationPage - enter the address in address editbox
15:37:35.696 [main] INFO  com.qa.opencart.pages.RegistrationPage - enter the address in address editbox
15:37:38.377 [main] INFO  com.qa.opencart.pages.RegistrationPage - enter the city in city editbox
15:37:40.870 [main] INFO  com.qa.opencart.pages.RegistrationPage - enter the postcode in postcode editbox
15:37:43.298 [main] INFO  com.qa.opencart.pages.RegistrationPage - select option from country dropdown
15:37:43.644 [main] INFO  com.qa.opencart.utils.WebDriverUtils - Selected option : United States
15:37:43.644 [main] INFO  com.qa.opencart.pages.RegistrationPage - select option from state dropdown
15:37:44.276 [main] INFO  com.qa.opencart.utils.WebDriverUtils - Selected option : California
15:37:44.276 [main] INFO  com.qa.opencart.testcase.RegistrationPageTest - Set the password:vandana@123
15:37:44.277 [main] INFO  com.qa.opencart.pages.RegistrationPage - entering password value
15:37:46.784 [main] INFO  com.qa.opencart.testcase.RegistrationPageTest - Set the confirm password:vandana@123
15:37:46.785 [main] INFO  com.qa.opencart.pages.RegistrationPage - entering PasswordConfirm value
15:37:49.282 [main] INFO  com.qa.opencart.testcase.RegistrationPageTest - Select the subscribe radio button:Yes
15:37:49.282 [main] INFO  com.qa.opencart.pages.RegistrationPage - select Subscribe value
15:37:49.283 [main] INFO  com.qa.opencart.pages.RegistrationPage - Select Yes radio button
15:37:51.559 [main] INFO  com.qa.opencart.testcase.RegistrationPageTest - check the privacy checkBox
15:37:51.560 [main] INFO  com.qa.opencart.pages.RegistrationPage - Select agree to privacy policy checkBox
15:37:53.951 [main] INFO  com.qa.opencart.testcase.RegistrationPageTest - Click on continue button
15:37:53.954 [main] INFO  com.qa.opencart.pages.RegistrationPage - click On Continue button
15:37:57.665 [main] INFO  com.qa.opencart.testcase.RegistrationPageTest - verify account created header and success msg
15:38:02.127 [main] INFO  com.qa.opencart.testcase.RegistrationPageTest - click on continue button
15:38:02.127 [main] INFO  com.qa.opencart.pages.RegistrationPage - click on account created continue button
15:38:05.269 [main] INFO  com.qa.opencart.testcase.RegistrationPageTest - validate the my account page title
15:38:05.276 [main] INFO  com.qa.opencart.utils.WebDriverUtils - Title of the page is :: My Account
15:38:05.276 [main] INFO  com.qa.opencart.testcase.RegistrationPageTest - click on logout page
15:38:11.066 [main] INFO  com.qa.opencart.testcase.RegistrationPageTest - validate the logout page title
15:38:11.090 [main] INFO  com.qa.opencart.utils.WebDriverUtils - Title of the page is :: Account Logout
15:38:11.090 [main] INFO  com.qa.opencart.testcase.RegistrationPageTest - click on logout page continue button
15:38:14.265 [main] INFO  com.qa.opencart.pages.HomePage - opening the myAccount menu
15:38:16.632 [main] INFO  com.qa.opencart.pages.HomePage - click on register link
15:38:20.457 [main] INFO  com.qa.opencart.testcase.RegistrationPageTest - verify the registration page title
15:38:20.476 [main] INFO  com.qa.opencart.utils.WebDriverUtils - Title of the page is :: Register Account
15:38:20.547 [main] INFO  com.qa.opencart.testcase.RegistrationPageTest - Set the firstName:sreedevi
15:38:20.548 [main] INFO  com.qa.opencart.pages.RegistrationPage - entering the fname value
15:38:22.964 [main] INFO  com.qa.opencart.testcase.RegistrationPageTest - Set the last Name:Doolla
15:38:22.964 [main] INFO  com.qa.opencart.pages.RegistrationPage - entering lastName value
15:38:25.701 [main] INFO  com.qa.opencart.testcase.RegistrationPageTest - setting the email:Toygs@gmail.com
15:38:25.701 [main] INFO  com.qa.opencart.pages.RegistrationPage - entering email address value
15:38:28.399 [main] INFO  com.qa.opencart.testcase.RegistrationPageTest - Set the telephone nbr:9980193573
15:38:28.406 [main] INFO  com.qa.opencart.pages.RegistrationPage - entering telephone number
15:38:30.874 [main] INFO  com.qa.opencart.pages.RegistrationPage - enter the company name in company editbox
15:38:33.483 [main] INFO  com.qa.opencart.pages.RegistrationPage - enter the address in address editbox
15:38:36.031 [main] INFO  com.qa.opencart.pages.RegistrationPage - enter the address in address editbox
15:38:38.546 [main] INFO  com.qa.opencart.pages.RegistrationPage - enter the city in city editbox
15:38:41.084 [main] INFO  com.qa.opencart.pages.RegistrationPage - enter the postcode in postcode editbox
15:38:43.571 [main] INFO  com.qa.opencart.pages.RegistrationPage - select option from country dropdown
15:38:43.933 [main] INFO  com.qa.opencart.utils.WebDriverUtils - Selected option : United States
15:38:43.933 [main] INFO  com.qa.opencart.pages.RegistrationPage - select option from state dropdown
15:38:44.337 [main] INFO  com.qa.opencart.utils.WebDriverUtils - Selected option : California
15:38:44.337 [main] INFO  com.qa.opencart.testcase.RegistrationPageTest - Set the password:sridevi@123
15:38:44.338 [main] INFO  com.qa.opencart.pages.RegistrationPage - entering password value
15:38:46.937 [main] INFO  com.qa.opencart.testcase.RegistrationPageTest - Set the confirm password:sridevi@123
15:38:46.937 [main] INFO  com.qa.opencart.pages.RegistrationPage - entering PasswordConfirm value
15:38:49.356 [main] INFO  com.qa.opencart.testcase.RegistrationPageTest - Select the subscribe radio button:Yes
15:38:49.356 [main] INFO  com.qa.opencart.pages.RegistrationPage - select Subscribe value
15:38:49.357 [main] INFO  com.qa.opencart.pages.RegistrationPage - Select No radio button
15:38:51.611 [main] INFO  com.qa.opencart.testcase.RegistrationPageTest - check the privacy checkBox
15:38:51.611 [main] INFO  com.qa.opencart.pages.RegistrationPage - Select agree to privacy policy checkBox
15:38:53.970 [main] INFO  com.qa.opencart.testcase.RegistrationPageTest - Click on continue button
15:38:53.970 [main] INFO  com.qa.opencart.pages.RegistrationPage - click On Continue button
15:38:59.261 [main] INFO  com.qa.opencart.testcase.RegistrationPageTest - verify account created header and success msg
15:39:03.645 [main] INFO  com.qa.opencart.testcase.RegistrationPageTest - click on continue button
15:39:03.645 [main] INFO  com.qa.opencart.pages.RegistrationPage - click on account created continue button
15:39:06.958 [main] INFO  com.qa.opencart.testcase.RegistrationPageTest - validate the my account page title
15:39:06.975 [main] INFO  com.qa.opencart.utils.WebDriverUtils - Title of the page is :: My Account
15:39:06.975 [main] INFO  com.qa.opencart.testcase.RegistrationPageTest - click on logout page
15:39:12.965 [main] INFO  com.qa.opencart.testcase.RegistrationPageTest - validate the logout page title
15:39:12.989 [main] INFO  com.qa.opencart.utils.WebDriverUtils - Title of the page is :: Account Logout
15:39:12.989 [main] INFO  com.qa.opencart.testcase.RegistrationPageTest - click on logout page continue button
15:39:16.674 [main] INFO  com.qa.opencart.pages.HomePage - opening the myAccount menu
15:39:18.925 [main] INFO  com.qa.opencart.pages.HomePage - click on register link
15:39:22.161 [main] INFO  com.qa.opencart.testcase.RegistrationPageTest - verify the registration page title
15:39:22.175 [main] INFO  com.qa.opencart.utils.WebDriverUtils - Title of the page is :: Register Account
15:39:22.238 [main] INFO  com.qa.opencart.testcase.RegistrationPageTest - Set the firstName:harshini
15:39:22.238 [main] INFO  com.qa.opencart.pages.RegistrationPage - entering the fname value
15:39:24.706 [main] INFO  com.qa.opencart.testcase.RegistrationPageTest - Set the last Name:ch
15:39:24.706 [main] INFO  com.qa.opencart.pages.RegistrationPage - entering lastName value
15:39:27.345 [main] INFO  com.qa.opencart.testcase.RegistrationPageTest - setting the email:cwcwN@gmail.com
15:39:27.345 [main] INFO  com.qa.opencart.pages.RegistrationPage - entering email address value
15:39:29.857 [main] INFO  com.qa.opencart.testcase.RegistrationPageTest - Set the telephone nbr:6303236395
15:39:29.857 [main] INFO  com.qa.opencart.pages.RegistrationPage - entering telephone number
15:39:32.552 [main] INFO  com.qa.opencart.pages.RegistrationPage - enter the company name in company editbox
15:39:35.030 [main] INFO  com.qa.opencart.pages.RegistrationPage - enter the address in address editbox
15:39:37.586 [main] INFO  com.qa.opencart.pages.RegistrationPage - enter the address in address editbox
15:39:40.258 [main] INFO  com.qa.opencart.pages.RegistrationPage - enter the city in city editbox
15:39:42.759 [main] INFO  com.qa.opencart.pages.RegistrationPage - enter the postcode in postcode editbox
